lenth = 50, overlap = 0.8, max_sim_factor = 2, min_sim_factor = 2

number of run = 143
cur_idx = 0 - 49
cur_idx = 10 - 59
Classifier: 1, Accuracy: 1.0000000000000002, simiarity = -0.0034725005933714526, similarity_list = similarity list []
Type1 - use current classifier 1, state_similarity: 3

cur_idx = 20 - 69
Classifier: 1, Accuracy: 1.0000000000000002, simiarity = -0.7206381894697281, similarity_list = similarity list [-7.199537494684272e-05]
Type1 - use current classifier 1, state_similarity: 3

cur_idx = 30 - 79
Max iterations reached for IMF. Continuing with another IMF.
Classifier: 1, Accuracy: 1.0000000000000002, simiarity = -0.5150554428080825, similarity_list = similarity list [-0.03794148081020854, -0.0612674940511333]
Max iterations reached for IMF. Continuing with another IMF.
Max iterations reached for IMF. Continuing with another IMF.
Type3 -new classifier generate

cur_idx = 40 - 89
Classifier: 2, Accuracy: 1.0000000000000002, simiarity = -0.00016502086001790595, similarity_list = similarity list []
Type1 - use current classifier 2, state_similarity: 3

cur_idx = 50 - 99
Max iterations reached for IMF. Continuing with another IMF.
Classifier: 2, Accuracy: 1.0000000000000002, simiarity = -0.003591824346615091, similarity_list = similarity list [-3.626913488430361e-06]
Type1 - use current classifier 2, state_similarity: 3

cur_idx = 60 - 109
Classifier: 2, Accuracy: 1.0000000000000002, simiarity = -0.02004953651588348, similarity_list = similarity list [-0.036835725131691865, -0.03418804686639121]
Type1 - use current classifier 2, state_similarity: 1

cur_idx = 70 - 119
Classifier: 2, Accuracy: 1.0000000000000002, simiarity = -0.12199308237477413, similarity_list = similarity list [-0.009941663680569701, -0.03418804686639121]
Type3 -new classifier generate

cur_idx = 80 - 129
Classifier: 3, Accuracy: 1.0000000000000002, simiarity = -0.11338279186571987, similarity_list = similarity list []
Type1 - use current classifier 3, state_similarity: 3

cur_idx = 90 - 139
Classifier: 3, Accuracy: 1.0000000000000002, simiarity = -0.0002491885124225046, similarity_list = similarity list [-0.000984942321537674]
Type1 - use current classifier 3, state_similarity: 3

cur_idx = 100 - 149
Classifier: 3, Accuracy: 1.0000000000000002, simiarity = -0.013753703877924961, similarity_list = similarity list [-0.0007983123260628666, -0.00012086288914858745]
Type3 -new classifier generate

cur_idx = 110 - 159
Classifier: 4, Accuracy: 1.0000000000000002, simiarity = -0.02300475317580608, similarity_list = similarity list []
Type1 - use current classifier 4, state_similarity: 3

cur_idx = 120 - 169
Classifier: 4, Accuracy: 1.0000000000000002, simiarity = -0.00407668587171206, similarity_list = similarity list [-0.003978603892564103]
Type1 - use current classifier 4, state_similarity: 3

cur_idx = 130 - 179
Classifier: 4, Accuracy: 1.0000000000000002, simiarity = -0.004258293942997815, similarity_list = similarity list [-0.0003443089840090563, -0.004212832883571327]
Type1 - use current classifier 4, state_similarity: 1

cur_idx = 140 - 189
Classifier: 4, Accuracy: 1.0000000000000002, simiarity = -0.015417793666283264, similarity_list = similarity list [-0.018110633048860292, -0.004212832883571327]
Type1 - use current classifier 4, state_similarity: 1

cur_idx = 150 - 199
Classifier: 4, Accuracy: 1.0000000000000002, simiarity = -0.16826793551160146, similarity_list = similarity list [-0.018110633048860292, -0.004212832883571327]
Type2 - loop to last classifier3, similarity: -0.0006285050417956795, state_similarity: 2

cur_idx = 160 - 209
Max iterations reached for IMF. Continuing with another IMF.
Classifier: 3, Accuracy: 1.0000000000000002, simiarity = -0.04352013777818031, similarity_list = similarity list [-0.00030018548665544653, -0.0006285050417956795]
Max iterations reached for IMF. Continuing with another IMF.
Max iterations reached for IMF. Continuing with another IMF.
Max iterations reached for IMF. Continuing with another IMF.
Max iterations reached for IMF. Continuing with another IMF.
Type2 - loop to last classifier4, similarity: -0.016915833824643234, state_similarity: 2

cur_idx = 170 - 219
Classifier: 4, Accuracy: 1.0000000000000002, simiarity = -0.06539321381200869, similarity_list = similarity list [-0.007984150578467575, -0.08559442951302898, -0.016915833824643234]
Type1 - use current classifier 4, state_similarity: 1

cur_idx = 180 - 229
Classifier: 4, Accuracy: 1.0000000000000002, simiarity = -0.06090711508318214, similarity_list = similarity list [-0.007984150578467575, -0.08559442951302898, -0.016915833824643234]
Type1 - use current classifier 4, state_similarity: 1

cur_idx = 190 - 239
Classifier: 4, Accuracy: 1.0000000000000002, simiarity = -0.2038927310568055, similarity_list = similarity list [-0.007984150578467575, -0.08559442951302898, -0.016915833824643234]
Type2 - loop to last classifier2, similarity: -0.03681066790310461, state_similarity: 2

cur_idx = 200 - 249
Classifier: 2, Accuracy: 0.4000000000000001, simiarity = -0.054604363188757055, similarity_list = similarity list [-0.07457372491871761, -0.04354517767176069, -0.03681066790310461]
Type1 - use current classifier 2, state_similarity: 1

cur_idx = 210 - 259
Classifier: 2, Accuracy: 0.6000000000000001, simiarity = -0.07580427661401645, similarity_list = similarity list [-0.07457372491871761, -0.04354517767176069, -0.03681066790310461]
Type1 - use current classifier 2, state_similarity: 1

cur_idx = 220 - 269
Classifier: 2, Accuracy: 0.9000000000000001, simiarity = -0.08808321130768693, similarity_list = similarity list [-0.07457372491871761, -0.04354517767176069, -0.03681066790310461]
Type3 -new classifier generate

cur_idx = 230 - 279
Classifier: 5, Accuracy: 0.6000000000000001, simiarity = -0.21599401399349005, similarity_list = similarity list []
Type1 - use current classifier 5, state_similarity: 3

cur_idx = 240 - 289
Classifier: 5, Accuracy: 0.5000000000000001, simiarity = -0.004315894746060089, similarity_list = similarity list [-0.0006323884267994684]
Type1 - use current classifier 5, state_similarity: 3

cur_idx = 250 - 299
Classifier: 5, Accuracy: 0.8000000000000002, simiarity = -0.12302085683850073, similarity_list = similarity list [-0.22629172154626098, -0.1790418161176358]
Type1 - use current classifier 5, state_similarity: 1

cur_idx = 260 - 309
Classifier: 5, Accuracy: 0.6000000000000001, simiarity = -0.006348288274603542, similarity_list = similarity list [-0.001308723133504608, -0.1790418161176358]
Type1 - use current classifier 5, state_similarity: 1

cur_idx = 270 - 319
Classifier: 5, Accuracy: 0.5000000000000001, simiarity = -0.03579060317989646, similarity_list = similarity list [-0.001308723133504608, -0.1790418161176358]
Type1 - use current classifier 5, state_similarity: 1

cur_idx = 280 - 329
Classifier: 5, Accuracy: 0.8000000000000002, simiarity = -0.03572773307816779, similarity_list = similarity list [-0.001308723133504608, -0.1790418161176358]
Type1 - use current classifier 5, state_similarity: 1

cur_idx = 290 - 339
Classifier: 5, Accuracy: 0.9000000000000001, simiarity = -0.015155629825660655, similarity_list = similarity list [-0.001308723133504608, -0.1790418161176358]
Type1 - use current classifier 5, state_similarity: 1

cur_idx = 300 - 349
Classifier: 5, Accuracy: 0.9000000000000001, simiarity = -0.01797071886148993, similarity_list = similarity list [-0.001308723133504608, -0.1790418161176358]
Type1 - use current classifier 5, state_similarity: 1

cur_idx = 310 - 359
Max iterations reached for IMF. Continuing with another IMF.
Classifier: 5, Accuracy: 0.30000000000000004, simiarity = -0.04169456756851497, similarity_list = similarity list [-0.001308723133504608, -0.1790418161176358]
Type1 - use current classifier 5, state_similarity: 1

cur_idx = 320 - 369
Classifier: 5, Accuracy: 0.8000000000000002, simiarity = -0.014541340340947118, similarity_list = similarity list [-0.001308723133504608, -0.1790418161176358]
Type1 - use current classifier 5, state_similarity: 1

cur_idx = 330 - 379
Classifier: 5, Accuracy: 0.8000000000000002, simiarity = -0.009664391872079348, similarity_list = similarity list [-0.001308723133504608, -0.1790418161176358]
Type1 - use current classifier 5, state_similarity: 1

cur_idx = 340 - 389
Classifier: 5, Accuracy: 0.8000000000000002, simiarity = -0.09686864550120233, similarity_list = similarity list [-0.001308723133504608, -0.1790418161176358]
Type1 - use current classifier 5, state_similarity: 1

cur_idx = 350 - 399
Classifier: 5, Accuracy: 0.8000000000000002, simiarity = -0.4456409172328597, similarity_list = similarity list [-0.001308723133504608, -0.1790418161176358]
Type3 -new classifier generate

cur_idx = 360 - 409
Classifier: 6, Accuracy: 1.0000000000000002, simiarity = -0.39096782772707384, similarity_list = similarity list []
Type1 - use current classifier 6, state_similarity: 3

cur_idx = 370 - 419
Classifier: 6, Accuracy: 1.0000000000000002, simiarity = -0.9738002242097871, similarity_list = similarity list [-0.017033306082593902]
Type1 - use current classifier 6, state_similarity: 3

cur_idx = 380 - 429
Classifier: 6, Accuracy: 0.9000000000000001, simiarity = -0.4657517598185087, similarity_list = similarity list [-0.44224374181502646, -0.5180116231354313]
Type1 - use current classifier 6, state_similarity: 1

cur_idx = 390 - 439
Classifier: 6, Accuracy: 1.0000000000000002, simiarity = -0.14465377964417303, similarity_list = similarity list [-0.2665967196834098, -0.5180116231354313]
Type1 - use current classifier 6, state_similarity: 1

cur_idx = 400 - 449
Classifier: 6, Accuracy: 0.9000000000000001, simiarity = -0.42161375317239624, similarity_list = similarity list [-0.2665967196834098, -0.5180116231354313]
Type1 - use current classifier 6, state_similarity: 1

cur_idx = 410 - 459
Classifier: 6, Accuracy: 0.8000000000000002, simiarity = -0.39381127581785746, similarity_list = similarity list [-0.2665967196834098, -0.5180116231354313]
Type1 - use current classifier 6, state_similarity: 1

cur_idx = 420 - 469
Max iterations reached for IMF. Continuing with another IMF.
Classifier: 6, Accuracy: 0.9000000000000001, simiarity = -0.22014621593539974, similarity_list = similarity list [-0.2665967196834098, -0.5180116231354313]
Type1 - use current classifier 6, state_similarity: 1

cur_idx = 430 - 479
Max iterations reached for IMF. Continuing with another IMF.
Classifier: 6, Accuracy: 0.8000000000000002, simiarity = -0.08412312052402304, similarity_list = similarity list [-0.2665967196834098, -0.5180116231354313]
Type1 - use current classifier 6, state_similarity: 1

cur_idx = 440 - 489
Classifier: 6, Accuracy: 0.8000000000000002, simiarity = -0.14047341145812453, similarity_list = similarity list [-0.2665967196834098, -0.5180116231354313]
Type1 - use current classifier 6, state_similarity: 1

cur_idx = 450 - 499
Classifier: 6, Accuracy: 1.0000000000000002, simiarity = -0.351177883594214, similarity_list = similarity list [-0.2665967196834098, -0.5180116231354313]
Type1 - use current classifier 6, state_similarity: 1

cur_idx = 460 - 509
Classifier: 6, Accuracy: 0.9000000000000001, simiarity = -0.13942012945229743, similarity_list = similarity list [-0.2665967196834098, -0.5180116231354313]
Type1 - use current classifier 6, state_similarity: 1

cur_idx = 470 - 519
Classifier: 6, Accuracy: 1.0000000000000002, simiarity = -0.3423275818106054, similarity_list = similarity list [-0.2665967196834098, -0.5180116231354313]
Type1 - use current classifier 6, state_similarity: 1

cur_idx = 480 - 529
Classifier: 6, Accuracy: 0.8000000000000002, simiarity = -0.48147760991172994, similarity_list = similarity list [-0.2665967196834098, -0.5180116231354313]
Type1 - use current classifier 6, state_similarity: 1

cur_idx = 490 - 539
Classifier: 6, Accuracy: 0.9000000000000001, simiarity = -0.3008498572472058, similarity_list = similarity list [-0.2665967196834098, -0.5180116231354313]
Type1 - use current classifier 6, state_similarity: 1

cur_idx = 500 - 549
Classifier: 6, Accuracy: 0.8000000000000002, simiarity = -0.34846192609318816, similarity_list = similarity list [-0.2665967196834098, -0.5180116231354313]
Type1 - use current classifier 6, state_similarity: 1

cur_idx = 510 - 559
Classifier: 6, Accuracy: 1.0000000000000002, simiarity = -0.5021036029190986, similarity_list = similarity list [-0.2665967196834098, -0.5180116231354313]
Type1 - use current classifier 6, state_similarity: 1

cur_idx = 520 - 569
Classifier: 6, Accuracy: 1.0000000000000002, simiarity = -0.2551333031867925, similarity_list = similarity list [-0.2665967196834098, -0.5180116231354313]
Type1 - use current classifier 6, state_similarity: 1

cur_idx = 530 - 579
Classifier: 6, Accuracy: 0.6000000000000001, simiarity = -0.48453682265928, similarity_list = similarity list [-0.2665967196834098, -0.5180116231354313]
Type1 - use current classifier 6, state_similarity: 1

cur_idx = 540 - 589
Max iterations reached for IMF. Continuing with another IMF.
Classifier: 6, Accuracy: 1.0000000000000002, simiarity = -0.33118401325768465, similarity_list = similarity list [-0.2665967196834098, -0.5180116231354313]
Type1 - use current classifier 6, state_similarity: 1

cur_idx = 550 - 599
Max iterations reached for IMF. Continuing with another IMF.
Classifier: 6, Accuracy: 0.8000000000000002, simiarity = -0.44827614075110556, similarity_list = similarity list [-0.2665967196834098, -0.5180116231354313]
Type1 - use current classifier 6, state_similarity: 1

cur_idx = 560 - 609
Classifier: 6, Accuracy: 0.6000000000000001, simiarity = -0.4678145611765384, similarity_list = similarity list [-0.2665967196834098, -0.5180116231354313]
Type1 - use current classifier 6, state_similarity: 1

cur_idx = 570 - 619
Classifier: 6, Accuracy: 0.7000000000000002, simiarity = -0.5467033549472846, similarity_list = similarity list [-0.2665967196834098, -0.5180116231354313]
Type1 - use current classifier 6, state_similarity: 1

cur_idx = 580 - 629
Classifier: 6, Accuracy: 0.9000000000000001, simiarity = -0.49714603764828724, similarity_list = similarity list [-0.2665967196834098, -0.5180116231354313]
Type1 - use current classifier 6, state_similarity: 1

cur_idx = 590 - 639
Max iterations reached for IMF. Continuing with another IMF.
Classifier: 6, Accuracy: 0.8000000000000002, simiarity = -0.4920992955878821, similarity_list = similarity list [-0.2665967196834098, -0.5180116231354313]
Type1 - use current classifier 6, state_similarity: 1

cur_idx = 600 - 649
Max iterations reached for IMF. Continuing with another IMF.
Classifier: 6, Accuracy: 0.5000000000000001, simiarity = -0.5026108652074865, similarity_list = similarity list [-0.2665967196834098, -0.5180116231354313]
Type1 - use current classifier 6, state_similarity: 1

cur_idx = 610 - 659
Max iterations reached for IMF. Continuing with another IMF.
Classifier: 6, Accuracy: 0.4000000000000001, simiarity = -0.5527174142408652, similarity_list = similarity list [-0.2665967196834098, -0.5180116231354313]
Type1 - use current classifier 6, state_similarity: 1

cur_idx = 620 - 669
Max iterations reached for IMF. Continuing with another IMF.
Classifier: 6, Accuracy: 0.5000000000000001, simiarity = -0.42951183120367953, similarity_list = similarity list [-0.2665967196834098, -0.5180116231354313]
Type1 - use current classifier 6, state_similarity: 1

cur_idx = 630 - 679
Max iterations reached for IMF. Continuing with another IMF.
Classifier: 6, Accuracy: 0.5000000000000001, simiarity = -0.345953402973619, similarity_list = similarity list [-0.2665967196834098, -0.5180116231354313]
Type1 - use current classifier 6, state_similarity: 1

cur_idx = 640 - 689
Classifier: 6, Accuracy: 0.8000000000000002, simiarity = -0.4624064031518784, similarity_list = similarity list [-0.2665967196834098, -0.5180116231354313]
Type1 - use current classifier 6, state_similarity: 1

cur_idx = 650 - 699
Max iterations reached for IMF. Continuing with another IMF.
Classifier: 6, Accuracy: 0.5000000000000001, simiarity = -0.6504177310714843, similarity_list = similarity list [-0.2665967196834098, -0.5180116231354313]
Max iterations reached for IMF. Continuing with another IMF.
Max iterations reached for IMF. Continuing with another IMF.
Max iterations reached for IMF. Continuing with another IMF.
Max iterations reached for IMF. Continuing with another IMF.
Max iterations reached for IMF. Continuing with another IMF.
Max iterations reached for IMF. Continuing with another IMF.
Type2 - loop to last classifier5, similarity: -0.0100250360389601, state_similarity: 2

cur_idx = 660 - 709
Classifier: 5, Accuracy: 0.5000000000000001, simiarity = -0.04580037937361303, similarity_list = similarity list [-0.007685905516395697, -0.006933513562684679, -0.0100250360389601]
Max iterations reached for IMF. Continuing with another IMF.
Type2 - loop to last classifier6, similarity: -0.6244938514078007, state_similarity: 2

cur_idx = 670 - 719
Classifier: 6, Accuracy: 0.7000000000000002, simiarity = -0.0786668743348452, similarity_list = similarity list [-0.5753530092005825, -0.36383540632952305, -0.6244938514078007]
Type1 - use current classifier 6, state_similarity: 1

cur_idx = 680 - 729
Classifier: 6, Accuracy: 0.7000000000000002, simiarity = -0.17566483748401263, similarity_list = similarity list [-0.5753530092005825, -0.36383540632952305, -0.6244938514078007]
Type1 - use current classifier 6, state_similarity: 1

cur_idx = 690 - 739
Max iterations reached for IMF. Continuing with another IMF.
Classifier: 6, Accuracy: 0.10000000000000002, simiarity = -0.31264726613086424, similarity_list = similarity list [-0.5753530092005825, -0.36383540632952305, -0.6244938514078007]
Type1 - use current classifier 6, state_similarity: 1

cur_idx = 700 - 749
Classifier: 6, Accuracy: 0.5000000000000001, simiarity = -0.3686761602469836, similarity_list = similarity list [-0.5753530092005825, -0.36383540632952305, -0.6244938514078007]
Type1 - use current classifier 6, state_similarity: 1

cur_idx = 710 - 759
Max iterations reached for IMF. Continuing with another IMF.
Max iterations reached for IMF. Continuing with another IMF.
Classifier: 6, Accuracy: 0.8000000000000002, simiarity = -0.43947738045585316, similarity_list = similarity list [-0.5753530092005825, -0.36383540632952305, -0.6244938514078007]
Type1 - use current classifier 6, state_similarity: 1

cur_idx = 720 - 769
Max iterations reached for IMF. Continuing with another IMF.
Classifier: 6, Accuracy: 0.4000000000000001, simiarity = -0.3439278432641326, similarity_list = similarity list [-0.5753530092005825, -0.36383540632952305, -0.6244938514078007]
Type1 - use current classifier 6, state_similarity: 1

cur_idx = 730 - 779
Max iterations reached for IMF. Continuing with another IMF.
Max iterations reached for IMF. Continuing with another IMF.
Classifier: 6, Accuracy: 0.8000000000000002, simiarity = -0.4160513893569122, similarity_list = similarity list [-0.5753530092005825, -0.36383540632952305, -0.6244938514078007]
Type1 - use current classifier 6, state_similarity: 1

cur_idx = 740 - 789
Classifier: 6, Accuracy: 0.7000000000000002, simiarity = -0.2703265891098807, similarity_list = similarity list [-0.5753530092005825, -0.36383540632952305, -0.6244938514078007]
Type1 - use current classifier 6, state_similarity: 1

cur_idx = 750 - 799
Classifier: 6, Accuracy: 0.7000000000000002, simiarity = -0.4334320664730773, similarity_list = similarity list [-0.5753530092005825, -0.36383540632952305, -0.6244938514078007]
Type1 - use current classifier 6, state_similarity: 1

cur_idx = 760 - 809
Max iterations reached for IMF. Continuing with another IMF.
Classifier: 6, Accuracy: 0.7000000000000002, simiarity = -0.42650815758179605, similarity_list = similarity list [-0.5753530092005825, -0.36383540632952305, -0.6244938514078007]
Type1 - use current classifier 6, state_similarity: 1

cur_idx = 770 - 819
Classifier: 6, Accuracy: 0.7000000000000002, simiarity = -0.2473592499842746, similarity_list = similarity list [-0.5753530092005825, -0.36383540632952305, -0.6244938514078007]
Type1 - use current classifier 6, state_similarity: 1

cur_idx = 780 - 829
Classifier: 6, Accuracy: 0.8000000000000002, simiarity = -0.4362475839674377, similarity_list = similarity list [-0.5753530092005825, -0.36383540632952305, -0.6244938514078007]
Type1 - use current classifier 6, state_similarity: 1

cur_idx = 790 - 839
Classifier: 6, Accuracy: 0.9000000000000001, simiarity = -0.6849767229701247, similarity_list = similarity list [-0.5753530092005825, -0.36383540632952305, -0.6244938514078007]
Type2 - loop to last classifier4, similarity: -0.06448411313261015, state_similarity: 2

cur_idx = 800 - 849
Classifier: 4, Accuracy: 1.0000000000000002, simiarity = -0.08281257857538149, similarity_list = similarity list [-0.07210415836065354, -0.1518058997666768, -0.023481183633087932, -0.06448411313261015]
Type1 - use current classifier 4, state_similarity: 1

cur_idx = 810 - 859
Classifier: 4, Accuracy: 1.0000000000000002, simiarity = -0.00511030034737836, similarity_list = similarity list [-0.07210415836065354, -0.1518058997666768, -0.023481183633087932, -0.06448411313261015]
Type1 - use current classifier 4, state_similarity: 1

cur_idx = 820 - 869
Classifier: 4, Accuracy: 1.0000000000000002, simiarity = -0.045563401586868, similarity_list = similarity list [-0.07210415836065354, -0.1518058997666768, -0.023481183633087932, -0.06448411313261015]
Type1 - use current classifier 4, state_similarity: 1

cur_idx = 830 - 879
Classifier: 4, Accuracy: 1.0000000000000002, simiarity = -0.25173511789826997, similarity_list = similarity list [-0.07210415836065354, -0.1518058997666768, -0.023481183633087932, -0.06448411313261015]
Type2 - loop to last classifier3, similarity: -0.00014069266941574288, state_similarity: 2

cur_idx = 840 - 889
Classifier: 3, Accuracy: 1.0000000000000002, simiarity = -0.04678037831888848, similarity_list = similarity list [-0.0001375711854794126, -0.00016751054549846156, -0.00014069266941574288]
Max iterations reached for IMF. Continuing with another IMF.
Max iterations reached for IMF. Continuing with another IMF.
Type2 - loop to last classifier6, similarity: -0.3887011526548625, state_similarity: 2

cur_idx = 850 - 899
Classifier: 6, Accuracy: 0.5000000000000001, simiarity = -0.07584118006407548, similarity_list = similarity list [-0.6481914860164082, -0.6212781509583045, -0.48281632314107636, -0.3887011526548625]
Type1 - use current classifier 6, state_similarity: 1

cur_idx = 860 - 909
Classifier: 6, Accuracy: 0.5000000000000001, simiarity = -0.2813997782803246, similarity_list = similarity list [-0.6481914860164082, -0.6212781509583045, -0.48281632314107636, -0.3887011526548625]
Type1 - use current classifier 6, state_similarity: 1

cur_idx = 870 - 919
Classifier: 6, Accuracy: 0.7000000000000002, simiarity = -0.2836177446427265, similarity_list = similarity list [-0.6481914860164082, -0.6212781509583045, -0.48281632314107636, -0.3887011526548625]
Type1 - use current classifier 6, state_similarity: 1

cur_idx = 880 - 929
Classifier: 6, Accuracy: 0.30000000000000004, simiarity = -0.22099485813097686, similarity_list = similarity list [-0.6481914860164082, -0.6212781509583045, -0.48281632314107636, -0.3887011526548625]
Type1 - use current classifier 6, state_similarity: 1

cur_idx = 890 - 939
Classifier: 6, Accuracy: 0.6000000000000001, simiarity = -0.21963019885129953, similarity_list = similarity list [-0.6481914860164082, -0.6212781509583045, -0.48281632314107636, -0.3887011526548625]
Type1 - use current classifier 6, state_similarity: 1

cur_idx = 900 - 949
Max iterations reached for IMF. Continuing with another IMF.
Classifier: 6, Accuracy: 0.20000000000000004, simiarity = -0.18087510734257306, similarity_list = similarity list [-0.6481914860164082, -0.6212781509583045, -0.48281632314107636, -0.3887011526548625]
Type1 - use current classifier 6, state_similarity: 1

cur_idx = 910 - 959
Max iterations reached for IMF. Continuing with another IMF.
Classifier: 6, Accuracy: 0.6000000000000001, simiarity = -0.35116832608201853, similarity_list = similarity list [-0.6481914860164082, -0.6212781509583045, -0.48281632314107636, -0.3887011526548625]
Type1 - use current classifier 6, state_similarity: 1

cur_idx = 920 - 969
Max iterations reached for IMF. Continuing with another IMF.
Max iterations reached for IMF. Continuing with another IMF.
Classifier: 6, Accuracy: 0.6000000000000001, simiarity = -0.11494682846917692, similarity_list = similarity list [-0.6481914860164082, -0.6212781509583045, -0.48281632314107636, -0.3887011526548625]
Type1 - use current classifier 6, state_similarity: 1

cur_idx = 930 - 979
Max iterations reached for IMF. Continuing with another IMF.
Classifier: 6, Accuracy: 0.9000000000000001, simiarity = -0.19185530095988024, similarity_list = similarity list [-0.6481914860164082, -0.6212781509583045, -0.48281632314107636, -0.3887011526548625]
Type1 - use current classifier 6, state_similarity: 1

cur_idx = 940 - 989
Classifier: 6, Accuracy: 0.8000000000000002, simiarity = -0.1807640587195336, similarity_list = similarity list [-0.6481914860164082, -0.6212781509583045, -0.48281632314107636, -0.3887011526548625]
Type1 - use current classifier 6, state_similarity: 1

cur_idx = 950 - 999
Classifier: 6, Accuracy: 0.7000000000000002, simiarity = -0.46233700004626543, similarity_list = similarity list [-0.6481914860164082, -0.6212781509583045, -0.48281632314107636, -0.3887011526548625]
Type1 - use current classifier 6, state_similarity: 1

cur_idx = 960 - 1009
Max iterations reached for IMF. Continuing with another IMF.
Classifier: 6, Accuracy: 0.6000000000000001, simiarity = -0.25877855377965286, similarity_list = similarity list [-0.6481914860164082, -0.6212781509583045, -0.48281632314107636, -0.3887011526548625]
Type1 - use current classifier 6, state_similarity: 1

cur_idx = 970 - 1019
Classifier: 6, Accuracy: 0.8000000000000002, simiarity = -0.24245002559255713, similarity_list = similarity list [-0.6481914860164082, -0.6212781509583045, -0.48281632314107636, -0.3887011526548625]
Type1 - use current classifier 6, state_similarity: 1

cur_idx = 980 - 1029
Classifier: 6, Accuracy: 0.6000000000000001, simiarity = -0.20491571620219684, similarity_list = similarity list [-0.6481914860164082, -0.6212781509583045, -0.48281632314107636, -0.3887011526548625]
Type1 - use current classifier 6, state_similarity: 1

cur_idx = 990 - 1039
Classifier: 6, Accuracy: 0.8000000000000002, simiarity = -0.18686620761919093, similarity_list = similarity list [-0.6481914860164082, -0.6212781509583045, -0.48281632314107636, -0.3887011526548625]
Type1 - use current classifier 6, state_similarity: 1

cur_idx = 1000 - 1049
Classifier: 6, Accuracy: 0.6000000000000001, simiarity = -0.24306323102561989, similarity_list = similarity list [-0.6481914860164082, -0.6212781509583045, -0.48281632314107636, -0.3887011526548625]
Type1 - use current classifier 6, state_similarity: 1

cur_idx = 1010 - 1059
Classifier: 6, Accuracy: 0.8000000000000002, simiarity = -0.32821165258252394, similarity_list = similarity list [-0.6481914860164082, -0.6212781509583045, -0.48281632314107636, -0.3887011526548625]
Type1 - use current classifier 6, state_similarity: 1

cur_idx = 1020 - 1069
Classifier: 6, Accuracy: 0.6000000000000001, simiarity = -0.16238671707871655, similarity_list = similarity list [-0.6481914860164082, -0.6212781509583045, -0.48281632314107636, -0.3887011526548625]
Type1 - use current classifier 6, state_similarity: 1

cur_idx = 1030 - 1079
Max iterations reached for IMF. Continuing with another IMF.
Classifier: 6, Accuracy: 0.6000000000000001, simiarity = -0.10868230386100786, similarity_list = similarity list [-0.6481914860164082, -0.6212781509583045, -0.48281632314107636, -0.3887011526548625]
Type1 - use current classifier 6, state_similarity: 1

cur_idx = 1040 - 1089
Max iterations reached for IMF. Continuing with another IMF.
Max iterations reached for IMF. Continuing with another IMF.
Classifier: 6, Accuracy: 0.8000000000000002, simiarity = -0.2647127666392879, similarity_list = similarity list [-0.6481914860164082, -0.6212781509583045, -0.48281632314107636, -0.3887011526548625]
Type1 - use current classifier 6, state_similarity: 1

cur_idx = 1050 - 1099
Max iterations reached for IMF. Continuing with another IMF.
Classifier: 6, Accuracy: 0.9000000000000001, simiarity = -0.22105689744507295, similarity_list = similarity list [-0.6481914860164082, -0.6212781509583045, -0.48281632314107636, -0.3887011526548625]
Type1 - use current classifier 6, state_similarity: 1

cur_idx = 1060 - 1109
Classifier: 6, Accuracy: 0.9000000000000001, simiarity = -0.3941791775224007, similarity_list = similarity list [-0.6481914860164082, -0.6212781509583045, -0.48281632314107636, -0.3887011526548625]
Type1 - use current classifier 6, state_similarity: 1

cur_idx = 1070 - 1119
Max iterations reached for IMF. Continuing with another IMF.
Max iterations reached for IMF. Continuing with another IMF.
Classifier: 6, Accuracy: 1.0000000000000002, simiarity = -0.18180692551020317, similarity_list = similarity list [-0.6481914860164082, -0.6212781509583045, -0.48281632314107636, -0.3887011526548625]
Type1 - use current classifier 6, state_similarity: 1

cur_idx = 1080 - 1129
Classifier: 6, Accuracy: 0.9000000000000001, simiarity = -0.17914656387669625, similarity_list = similarity list [-0.6481914860164082, -0.6212781509583045, -0.48281632314107636, -0.3887011526548625]
Type1 - use current classifier 6, state_similarity: 1

cur_idx = 1090 - 1139
Classifier: 6, Accuracy: 1.0000000000000002, simiarity = -0.298195771031451, similarity_list = similarity list [-0.6481914860164082, -0.6212781509583045, -0.48281632314107636, -0.3887011526548625]
Type1 - use current classifier 6, state_similarity: 1

cur_idx = 1100 - 1149
Classifier: 6, Accuracy: 0.8000000000000002, simiarity = -0.4586637152757608, similarity_list = similarity list [-0.6481914860164082, -0.6212781509583045, -0.48281632314107636, -0.3887011526548625]
Type1 - use current classifier 6, state_similarity: 1

cur_idx = 1110 - 1159
Max iterations reached for IMF. Continuing with another IMF.
Classifier: 6, Accuracy: 0.6000000000000001, simiarity = -0.2220308258902095, similarity_list = similarity list [-0.6481914860164082, -0.6212781509583045, -0.48281632314107636, -0.3887011526548625]
Type1 - use current classifier 6, state_similarity: 1

cur_idx = 1120 - 1169
Classifier: 6, Accuracy: 0.5000000000000001, simiarity = -0.20439374880668337, similarity_list = similarity list [-0.6481914860164082, -0.6212781509583045, -0.48281632314107636, -0.3887011526548625]
Type1 - use current classifier 6, state_similarity: 1

cur_idx = 1130 - 1179
Classifier: 6, Accuracy: 0.8000000000000002, simiarity = -0.12100281779308208, similarity_list = similarity list [-0.6481914860164082, -0.6212781509583045, -0.48281632314107636, -0.3887011526548625]
Type1 - use current classifier 6, state_similarity: 1

cur_idx = 1140 - 1189
Classifier: 6, Accuracy: 0.6000000000000001, simiarity = -0.29694642125601345, similarity_list = similarity list [-0.6481914860164082, -0.6212781509583045, -0.48281632314107636, -0.3887011526548625]
Type1 - use current classifier 6, state_similarity: 1

cur_idx = 1150 - 1199
Classifier: 6, Accuracy: 0.9000000000000001, simiarity = -0.3622077300192412, similarity_list = similarity list [-0.6481914860164082, -0.6212781509583045, -0.48281632314107636, -0.3887011526548625]
Type1 - use current classifier 6, state_similarity: 1

cur_idx = 1160 - 1209
Classifier: 6, Accuracy: 0.7000000000000002, simiarity = -0.35856076795935055, similarity_list = similarity list [-0.6481914860164082, -0.6212781509583045, -0.48281632314107636, -0.3887011526548625]
Type1 - use current classifier 6, state_similarity: 1

cur_idx = 1170 - 1219
Classifier: 6, Accuracy: 0.8000000000000002, simiarity = -0.3376105912241594, similarity_list = similarity list [-0.6481914860164082, -0.6212781509583045, -0.48281632314107636, -0.3887011526548625]
Type1 - use current classifier 6, state_similarity: 1

cur_idx = 1180 - 1229
Classifier: 6, Accuracy: 0.8000000000000002, simiarity = -0.4789394624942589, similarity_list = similarity list [-0.6481914860164082, -0.6212781509583045, -0.48281632314107636, -0.3887011526548625]
Type1 - use current classifier 6, state_similarity: 1

cur_idx = 1190 - 1239
Max iterations reached for IMF. Continuing with another IMF.
Classifier: 6, Accuracy: 0.7000000000000002, simiarity = -0.35422427616929486, similarity_list = similarity list [-0.6481914860164082, -0.6212781509583045, -0.48281632314107636, -0.3887011526548625]
Type1 - use current classifier 6, state_similarity: 1

cur_idx = 1200 - 1249
Classifier: 6, Accuracy: 0.4000000000000001, simiarity = -0.19114846596863588, similarity_list = similarity list [-0.6481914860164082, -0.6212781509583045, -0.48281632314107636, -0.3887011526548625]
Type1 - use current classifier 6, state_similarity: 1

cur_idx = 1210 - 1259
Classifier: 6, Accuracy: 0.6000000000000001, simiarity = -0.17840500138755389, similarity_list = similarity list [-0.6481914860164082, -0.6212781509583045, -0.48281632314107636, -0.3887011526548625]
Type1 - use current classifier 6, state_similarity: 1

cur_idx = 1220 - 1269
Classifier: 6, Accuracy: 0.8000000000000002, simiarity = -0.3201103702812763, similarity_list = similarity list [-0.6481914860164082, -0.6212781509583045, -0.48281632314107636, -0.3887011526548625]
Type1 - use current classifier 6, state_similarity: 1

cur_idx = 1230 - 1279
Classifier: 6, Accuracy: 0.8000000000000002, simiarity = -0.4657685238913518, similarity_list = similarity list [-0.6481914860164082, -0.6212781509583045, -0.48281632314107636, -0.3887011526548625]
Type1 - use current classifier 6, state_similarity: 1

cur_idx = 1240 - 1289
Classifier: 6, Accuracy: 0.9000000000000001, simiarity = -0.5467133059874462, similarity_list = similarity list [-0.6481914860164082, -0.6212781509583045, -0.48281632314107636, -0.3887011526548625]
Type1 - use current classifier 6, state_similarity: 1

cur_idx = 1250 - 1299
Classifier: 6, Accuracy: 0.7000000000000002, simiarity = -0.3340018211931949, similarity_list = similarity list [-0.6481914860164082, -0.6212781509583045, -0.48281632314107636, -0.3887011526548625]
Type1 - use current classifier 6, state_similarity: 1

cur_idx = 1260 - 1309
Classifier: 6, Accuracy: 0.6000000000000001, simiarity = -0.5618468113164236, similarity_list = similarity list [-0.6481914860164082, -0.6212781509583045, -0.48281632314107636, -0.3887011526548625]
Type1 - use current classifier 6, state_similarity: 1

cur_idx = 1270 - 1319
Classifier: 6, Accuracy: 0.4000000000000001, simiarity = -0.2793770649574565, similarity_list = similarity list [-0.6481914860164082, -0.6212781509583045, -0.48281632314107636, -0.3887011526548625]
Type1 - use current classifier 6, state_similarity: 1

cur_idx = 1280 - 1329
Classifier: 6, Accuracy: 0.7000000000000002, simiarity = -0.3069572973335908, similarity_list = similarity list [-0.6481914860164082, -0.6212781509583045, -0.48281632314107636, -0.3887011526548625]
Type1 - use current classifier 6, state_similarity: 1

cur_idx = 1290 - 1339
Classifier: 6, Accuracy: 0.4000000000000001, simiarity = -0.2599476358263427, similarity_list = similarity list [-0.6481914860164082, -0.6212781509583045, -0.48281632314107636, -0.3887011526548625]
Type1 - use current classifier 6, state_similarity: 1

cur_idx = 1300 - 1349
Max iterations reached for IMF. Continuing with another IMF.
Classifier: 6, Accuracy: 0.7000000000000002, simiarity = -0.5768376851390082, similarity_list = similarity list [-0.6481914860164082, -0.6212781509583045, -0.48281632314107636, -0.3887011526548625]
Type1 - use current classifier 6, state_similarity: 1

cur_idx = 1310 - 1359
Max iterations reached for IMF. Continuing with another IMF.
Classifier: 6, Accuracy: 0.6000000000000001, simiarity = -0.4388236252449277, similarity_list = similarity list [-0.6481914860164082, -0.6212781509583045, -0.48281632314107636, -0.3887011526548625]
Type1 - use current classifier 6, state_similarity: 1

cur_idx = 1320 - 1369
Classifier: 6, Accuracy: 0.8000000000000002, simiarity = -0.2528033443150084, similarity_list = similarity list [-0.6481914860164082, -0.6212781509583045, -0.48281632314107636, -0.3887011526548625]
Type1 - use current classifier 6, state_similarity: 1

cur_idx = 1330 - 1379
Classifier: 6, Accuracy: 0.7000000000000002, simiarity = -0.6210814195080101, similarity_list = similarity list [-0.6481914860164082, -0.6212781509583045, -0.48281632314107636, -0.3887011526548625]
Type1 - use current classifier 6, state_similarity: 1

cur_idx = 1340 - 1389
Classifier: 6, Accuracy: 0.5000000000000001, simiarity = -0.6660103179907435, similarity_list = similarity list [-0.6481914860164082, -0.6212781509583045, -0.48281632314107636, -0.3887011526548625]
Type1 - use current classifier 6, state_similarity: 1

cur_idx = 1350 - 1399
Classifier: 6, Accuracy: 0.9000000000000001, simiarity = -0.6612946574706093, similarity_list = similarity list [-0.6481914860164082, -0.6212781509583045, -0.48281632314107636, -0.3887011526548625]
Type1 - use current classifier 6, state_similarity: 1

cur_idx = 1360 - 1409
Classifier: 6, Accuracy: 0.6000000000000001, simiarity = -0.2535435287973209, similarity_list = similarity list [-0.6481914860164082, -0.6212781509583045, -0.48281632314107636, -0.3887011526548625]
Type1 - use current classifier 6, state_similarity: 1

cur_idx = 1370 - 1419
Max iterations reached for IMF. Continuing with another IMF.
Classifier: 6, Accuracy: 0.5000000000000001, simiarity = -0.23502405866714515, similarity_list = similarity list [-0.6481914860164082, -0.6212781509583045, -0.48281632314107636, -0.3887011526548625]
Type1 - use current classifier 6, state_similarity: 1

cur_idx = 1380 - 1429
Max iterations reached for IMF. Continuing with another IMF.
Classifier: 6, Accuracy: 0.5000000000000001, simiarity = -0.24285897835202142, similarity_list = similarity list [-0.6481914860164082, -0.6212781509583045, -0.48281632314107636, -0.3887011526548625]
Type1 - use current classifier 6, state_similarity: 1

cur_idx = 1390 - 1439
Classifier: 6, Accuracy: 0.8000000000000002, simiarity = -0.22591221291102415, similarity_list = similarity list [-0.6481914860164082, -0.6212781509583045, -0.48281632314107636, -0.3887011526548625]
Type1 - use current classifier 6, state_similarity: 1

cur_idx = 1400 - 1449
Classifier: 6, Accuracy: 0.30000000000000004, simiarity = -0.48249405603242523, similarity_list = similarity list [-0.6481914860164082, -0.6212781509583045, -0.48281632314107636, -0.3887011526548625]
Type1 - use current classifier 6, state_similarity: 1

cur_idx = 1410 - 1459
Max iterations reached for IMF. Continuing with another IMF.
Classifier: 6, Accuracy: 0.9000000000000001, simiarity = -0.5678303630431003, similarity_list = similarity list [-0.6481914860164082, -0.6212781509583045, -0.48281632314107636, -0.3887011526548625]
Type1 - use current classifier 6, state_similarity: 1

cur_idx = 1420 - 1469
Classifier: 6, Accuracy: 0.8000000000000002, simiarity = -0.5157323923287742, similarity_list = similarity list [-0.6481914860164082, -0.6212781509583045, -0.48281632314107636, -0.3887011526548625]
Type1 - use current classifier 6, state_similarity: 1

[2, 1.0000000000000002, 1.0000000000000002, 2, 1.0000000000000002, 1.0000000000000002, 1.0000000000000002, 2, 1.0000000000000002, 1.0000000000000002, 2, 1.0000000000000002, 1.0000000000000002, 1.0000000000000002, 1.0000000000000002, 1.0000000000000002, 1.0000000000000002, 1.0000000000000002, 1.0000000000000002, 1.0000000000000002, 0.4000000000000001, 0.6000000000000001, 2, 0.6000000000000001, 0.5000000000000001, 0.8000000000000002, 0.6000000000000001, 0.5000000000000001, 0.8000000000000002, 0.9000000000000001, 0.9000000000000001, 0.30000000000000004, 0.8000000000000002, 0.8000000000000002, 0.8000000000000002, 2, 1.0000000000000002, 1.0000000000000002, 0.9000000000000001, 1.0000000000000002, 0.9000000000000001, 0.8000000000000002, 0.9000000000000001, 0.8000000000000002, 0.8000000000000002, 1.0000000000000002, 0.9000000000000001, 1.0000000000000002, 0.8000000000000002, 0.9000000000000001, 0.8000000000000002, 1.0000000000000002, 1.0000000000000002, 0.6000000000000001, 1.0000000000000002, 0.8000000000000002, 0.6000000000000001, 0.7000000000000002, 0.9000000000000001, 0.8000000000000002, 0.5000000000000001, 0.4000000000000001, 0.5000000000000001, 0.5000000000000001, 0.8000000000000002, 0.4000000000000001, 0.7000000000000002, 0.7000000000000002, 0.7000000000000002, 0.10000000000000002, 0.5000000000000001, 0.8000000000000002, 0.4000000000000001, 0.8000000000000002, 0.7000000000000002, 0.7000000000000002, 0.7000000000000002, 0.7000000000000002, 0.8000000000000002, 1.0000000000000002, 1.0000000000000002, 1.0000000000000002, 1.0000000000000002, 1.0000000000000002, 0.6000000000000001, 0.5000000000000001, 0.5000000000000001, 0.7000000000000002, 0.30000000000000004, 0.6000000000000001, 0.20000000000000004, 0.6000000000000001, 0.6000000000000001, 0.9000000000000001, 0.8000000000000002, 0.7000000000000002, 0.6000000000000001, 0.8000000000000002, 0.6000000000000001, 0.8000000000000002, 0.6000000000000001, 0.8000000000000002, 0.6000000000000001, 0.6000000000000001, 0.8000000000000002, 0.9000000000000001, 0.9000000000000001, 1.0000000000000002, 0.9000000000000001, 1.0000000000000002, 0.8000000000000002, 0.6000000000000001, 0.5000000000000001, 0.8000000000000002, 0.6000000000000001, 0.9000000000000001, 0.7000000000000002, 0.8000000000000002, 0.8000000000000002, 0.7000000000000002, 0.4000000000000001, 0.6000000000000001, 0.8000000000000002, 0.8000000000000002, 0.9000000000000001, 0.7000000000000002, 0.6000000000000001, 0.4000000000000001, 0.7000000000000002, 0.4000000000000001, 0.7000000000000002, 0.6000000000000001, 0.8000000000000002, 0.7000000000000002, 0.5000000000000001, 0.9000000000000001, 0.6000000000000001, 0.5000000000000001, 0.5000000000000001, 0.8000000000000002, 0.30000000000000004, 0.9000000000000001, 0.8000000000000002]
Accuracy of n=50, no shuffle and no update,least accurate = 0.10000000000000002
least accuracy found in 69
number of classifier 6, they are [0, 3, 7, 10, 22, 35]
kappa score = 0.502911416058645
total time taken = 102.33024459999797
