lenth = 50, overlap = 0.7, max_sim_factor = 2, min_sim_factor = 2

number of run = 95
cur_idx = 0 - 49
cur_idx = 15 - 64
Classifier: 1, Accuracy: 0.9999999999999999, simiarity = -0.005350167941703066, similarity_list = similarity list []
Type1 - use current classifier 1, state_similarity: 3

cur_idx = 30 - 79
Max iterations reached for IMF. Continuing with another IMF.
Classifier: 1, Accuracy: 0.9999999999999999, simiarity = -0.047335721490270655, similarity_list = similarity list [-8.634440008048472e-05]
Type1 - use current classifier 1, state_similarity: 3

cur_idx = 45 - 94
Classifier: 1, Accuracy: 0.9999999999999999, simiarity = -0.0555708558262239, similarity_list = similarity list [-0.06390587943247394, -0.08533751362838438]
Type1 - use current classifier 1, state_similarity: 1

cur_idx = 60 - 109
Classifier: 1, Accuracy: 0.9999999999999999, simiarity = -0.10028634228444933, similarity_list = similarity list [-0.0368128020795937, -0.08533751362838438]
Type1 - use current classifier 1, state_similarity: 1

cur_idx = 75 - 124
Classifier: 1, Accuracy: 0.9999999999999999, simiarity = -0.42592865455156137, similarity_list = similarity list [-0.0368128020795937, -0.08533751362838438]
Type3 -new classifier generate

cur_idx = 90 - 139
Classifier: 2, Accuracy: 0.9999999999999999, simiarity = -0.06557362782129039, similarity_list = similarity list []
Type1 - use current classifier 2, state_similarity: 3

cur_idx = 105 - 154
Classifier: 2, Accuracy: 0.9999999999999999, simiarity = -0.000389987767691502, similarity_list = similarity list [-0.0009114431454728678]
Type1 - use current classifier 2, state_similarity: 3

cur_idx = 120 - 169
Classifier: 2, Accuracy: 0.9999999999999999, simiarity = -0.0005635991966818077, similarity_list = similarity list [-0.0013081378595385385, -0.00012534158014754215]
Type1 - use current classifier 2, state_similarity: 1

cur_idx = 135 - 184
Classifier: 2, Accuracy: 0.9999999999999999, simiarity = -0.06463131763978347, similarity_list = similarity list [-0.0895905104957293, -0.00012534158014754215]
Type1 - use current classifier 2, state_similarity: 1

cur_idx = 150 - 199
Classifier: 2, Accuracy: 0.9999999999999999, simiarity = -0.1050231340132125, similarity_list = similarity list [-0.0895905104957293, -0.00012534158014754215]
Type1 - use current classifier 2, state_similarity: 1

cur_idx = 165 - 214
Max iterations reached for IMF. Continuing with another IMF.
Classifier: 2, Accuracy: 0.9999999999999999, simiarity = -0.1392550865345118, similarity_list = similarity list [-0.0895905104957293, -0.00012534158014754215]
Max iterations reached for IMF. Continuing with another IMF.
Max iterations reached for IMF. Continuing with another IMF.
Max iterations reached for IMF. Continuing with another IMF.
Type3 -new classifier generate

cur_idx = 180 - 229
Classifier: 3, Accuracy: 0.9999999999999999, simiarity = -0.2854149516624299, similarity_list = similarity list []
Type1 - use current classifier 3, state_similarity: 3

cur_idx = 195 - 244
Classifier: 3, Accuracy: 0.9333333333333332, simiarity = -0.017350704312152132, similarity_list = similarity list [-0.0002906386992695964]
Type1 - use current classifier 3, state_similarity: 3

cur_idx = 210 - 259
Classifier: 3, Accuracy: 0.1333333333333333, simiarity = -0.7612346388585153, similarity_list = similarity list [-0.3494281622623572, -0.21293928219535818]
Type3 -new classifier generate

cur_idx = 225 - 274
Classifier: 4, Accuracy: 0.7333333333333333, simiarity = -0.14790428395057686, similarity_list = similarity list []
Type1 - use current classifier 4, state_similarity: 3

cur_idx = 240 - 289
Classifier: 4, Accuracy: 0.6666666666666666, simiarity = -0.5077603141992546, similarity_list = similarity list [-0.1352976480045499]
Type1 - use current classifier 4, state_similarity: 3

cur_idx = 255 - 304
Max iterations reached for IMF. Continuing with another IMF.
Classifier: 4, Accuracy: 0.7999999999999999, simiarity = -0.11463177791495405, similarity_list = similarity list [-0.32058388570493235, -0.22303404495824464]
Type1 - use current classifier 4, state_similarity: 1

cur_idx = 270 - 319
Classifier: 4, Accuracy: 0.4666666666666666, simiarity = -0.24695067692576778, similarity_list = similarity list [-0.11752630223331428, -0.22303404495824464]
Type1 - use current classifier 4, state_similarity: 1

cur_idx = 285 - 334
Classifier: 4, Accuracy: 0.8666666666666666, simiarity = -0.41250350436193184, similarity_list = similarity list [-0.11752630223331428, -0.22303404495824464]
Type3 -new classifier generate

cur_idx = 300 - 349
Classifier: 5, Accuracy: 0.9999999999999999, simiarity = -0.02227959894141618, similarity_list = similarity list []
Type1 - use current classifier 5, state_similarity: 3

cur_idx = 315 - 364
Max iterations reached for IMF. Continuing with another IMF.
Max iterations reached for IMF. Continuing with another IMF.
Classifier: 5, Accuracy: 0.9999999999999999, simiarity = -0.03459827022772055, similarity_list = similarity list [-0.0017727255881857529]
Type1 - use current classifier 5, state_similarity: 3

cur_idx = 330 - 379
Classifier: 5, Accuracy: 0.06666666666666665, simiarity = -0.6588405780207814, similarity_list = similarity list [-0.1865865329914903, -0.13407480320337728]
Type3 -new classifier generate

cur_idx = 345 - 394
Max iterations reached for IMF. Continuing with another IMF.
Classifier: 6, Accuracy: 0.7333333333333333, simiarity = -0.21216237968801188, similarity_list = similarity list []
Type1 - use current classifier 6, state_similarity: 3

cur_idx = 360 - 409
Classifier: 6, Accuracy: 0.9333333333333332, simiarity = -0.5843519880435135, similarity_list = similarity list [-0.1563579087091147]
Type1 - use current classifier 6, state_similarity: 3

cur_idx = 375 - 424
Max iterations reached for IMF. Continuing with another IMF.
Classifier: 6, Accuracy: 0.9333333333333332, simiarity = -0.973710587332092, similarity_list = similarity list [-0.28176184861644415, -0.18332471617504187]
Max iterations reached for IMF. Continuing with another IMF.
Max iterations reached for IMF. Continuing with another IMF.
Max iterations reached for IMF. Continuing with another IMF.
Max iterations reached for IMF. Continuing with another IMF.
Max iterations reached for IMF. Continuing with another IMF.
Max iterations reached for IMF. Continuing with another IMF.
Type2 - loop to last classifier5, similarity: -0.14250774175471292, state_similarity: 2

cur_idx = 390 - 439
Classifier: 5, Accuracy: 0.6666666666666666, simiarity = -0.7095446530667828, similarity_list = similarity list [-0.3027555587335654, -0.14250774175471292]
Type2 - loop to last classifier1, similarity: -0.08655053032318982, state_similarity: 2

cur_idx = 405 - 454
Classifier: 1, Accuracy: 0.9999999999999999, simiarity = -0.049195886072990413, similarity_list = similarity list [-0.12660251514595644, -0.1453454068720489, -0.08655053032318982]
Type1 - use current classifier 1, state_similarity: 1

cur_idx = 420 - 469
Max iterations reached for IMF. Continuing with another IMF.
Classifier: 1, Accuracy: 0.9999999999999999, simiarity = -0.044963382016156794, similarity_list = similarity list [-0.12660251514595644, -0.1453454068720489, -0.08655053032318982]
Type1 - use current classifier 1, state_similarity: 1

cur_idx = 435 - 484
Classifier: 1, Accuracy: 0.9999999999999999, simiarity = -0.10824471344379683, similarity_list = similarity list [-0.12660251514595644, -0.1453454068720489, -0.08655053032318982]
Type1 - use current classifier 1, state_similarity: 1

cur_idx = 450 - 499
Classifier: 1, Accuracy: 0.9999999999999999, simiarity = -0.08038573143363426, similarity_list = similarity list [-0.12660251514595644, -0.1453454068720489, -0.08655053032318982]
Type1 - use current classifier 1, state_similarity: 1

cur_idx = 465 - 514
Classifier: 1, Accuracy: 0.9999999999999999, simiarity = -0.11315136140779236, similarity_list = similarity list [-0.12660251514595644, -0.1453454068720489, -0.08655053032318982]
Type1 - use current classifier 1, state_similarity: 1

cur_idx = 480 - 529
Classifier: 1, Accuracy: 0.9999999999999999, simiarity = -0.03470458433933343, similarity_list = similarity list [-0.12660251514595644, -0.1453454068720489, -0.08655053032318982]
Type1 - use current classifier 1, state_similarity: 1

cur_idx = 495 - 544
Classifier: 1, Accuracy: 0.9999999999999999, simiarity = -0.10845420620213875, similarity_list = similarity list [-0.12660251514595644, -0.1453454068720489, -0.08655053032318982]
Type1 - use current classifier 1, state_similarity: 1

cur_idx = 510 - 559
Classifier: 1, Accuracy: 0.9999999999999999, simiarity = -0.09745829344643175, similarity_list = similarity list [-0.12660251514595644, -0.1453454068720489, -0.08655053032318982]
Type1 - use current classifier 1, state_similarity: 1

cur_idx = 525 - 574
Classifier: 1, Accuracy: 0.9999999999999999, simiarity = -0.07947290899742565, similarity_list = similarity list [-0.12660251514595644, -0.1453454068720489, -0.08655053032318982]
Type1 - use current classifier 1, state_similarity: 1

cur_idx = 540 - 589
Max iterations reached for IMF. Continuing with another IMF.
Classifier: 1, Accuracy: 0.9999999999999999, simiarity = -0.05325396632814028, similarity_list = similarity list [-0.12660251514595644, -0.1453454068720489, -0.08655053032318982]
Type1 - use current classifier 1, state_similarity: 1

cur_idx = 555 - 604
Max iterations reached for IMF. Continuing with another IMF.
Classifier: 1, Accuracy: 0.9999999999999999, simiarity = -0.09732586951710842, similarity_list = similarity list [-0.12660251514595644, -0.1453454068720489, -0.08655053032318982]
Type1 - use current classifier 1, state_similarity: 1

cur_idx = 570 - 619
Classifier: 1, Accuracy: 0.7333333333333333, simiarity = -0.9499162913524574, similarity_list = similarity list [-0.12660251514595644, -0.1453454068720489, -0.08655053032318982]
Max iterations reached for IMF. Continuing with another IMF.
Max iterations reached for IMF. Continuing with another IMF.
Type3 -new classifier generate

cur_idx = 585 - 634
Classifier: 7, Accuracy: 0.19999999999999998, simiarity = -0.20077412639046344, similarity_list = similarity list []
Type1 - use current classifier 7, state_similarity: 3

cur_idx = 600 - 649
Max iterations reached for IMF. Continuing with another IMF.
Classifier: 7, Accuracy: 0.3333333333333333, simiarity = -0.016123322446228272, similarity_list = similarity list [-0.05897551164623083]
Type1 - use current classifier 7, state_similarity: 3

cur_idx = 615 - 664
Max iterations reached for IMF. Continuing with another IMF.
Max iterations reached for IMF. Continuing with another IMF.
Classifier: 7, Accuracy: 0.3333333333333333, simiarity = -0.6075550747945391, similarity_list = similarity list [-0.10155930473273822, -0.016014803265313682]
Max iterations reached for IMF. Continuing with another IMF.
Max iterations reached for IMF. Continuing with another IMF.
Max iterations reached for IMF. Continuing with another IMF.
Max iterations reached for IMF. Continuing with another IMF.
Max iterations reached for IMF. Continuing with another IMF.
Max iterations reached for IMF. Continuing with another IMF.
Max iterations reached for IMF. Continuing with another IMF.
Max iterations reached for IMF. Continuing with another IMF.
Max iterations reached for IMF. Continuing with another IMF.
Max iterations reached for IMF. Continuing with another IMF.
Type2 - loop to last classifier3, similarity: -0.41527588179148545, state_similarity: 2

cur_idx = 630 - 679
Max iterations reached for IMF. Continuing with another IMF.
Max iterations reached for IMF. Continuing with another IMF.
Max iterations reached for IMF. Continuing with another IMF.
Classifier: 3, Accuracy: 0.2666666666666666, simiarity = -0.35382989723040004, similarity_list = similarity list [-0.6168906200648223, -0.41527588179148545]
Type1 - use current classifier 3, state_similarity: 1

cur_idx = 645 - 694
Classifier: 3, Accuracy: 0.39999999999999997, simiarity = -0.46065261975671934, similarity_list = similarity list [-0.6168906200648223, -0.41527588179148545]
Type1 - use current classifier 3, state_similarity: 1

cur_idx = 660 - 709
Classifier: 3, Accuracy: 0.8666666666666666, simiarity = -0.3902906553070915, similarity_list = similarity list [-0.6168906200648223, -0.41527588179148545]
Type1 - use current classifier 3, state_similarity: 1

cur_idx = 675 - 724
Classifier: 3, Accuracy: 0.7999999999999999, simiarity = -0.47120812139085055, similarity_list = similarity list [-0.6168906200648223, -0.41527588179148545]
Type1 - use current classifier 3, state_similarity: 1

cur_idx = 690 - 739
Classifier: 3, Accuracy: 0.6666666666666666, simiarity = -0.3818668709574008, similarity_list = similarity list [-0.6168906200648223, -0.41527588179148545]
Type1 - use current classifier 3, state_similarity: 1

cur_idx = 705 - 754
Max iterations reached for IMF. Continuing with another IMF.
Max iterations reached for IMF. Continuing with another IMF.
Classifier: 3, Accuracy: 0.7999999999999999, simiarity = -0.4556729677989605, similarity_list = similarity list [-0.6168906200648223, -0.41527588179148545]
Type1 - use current classifier 3, state_similarity: 1

cur_idx = 720 - 769
Max iterations reached for IMF. Continuing with another IMF.
Classifier: 3, Accuracy: 0.7999999999999999, simiarity = -0.5061857753912826, similarity_list = similarity list [-0.6168906200648223, -0.41527588179148545]
Type1 - use current classifier 3, state_similarity: 1

cur_idx = 735 - 784
Classifier: 3, Accuracy: 0.8666666666666666, simiarity = -0.5087119432206055, similarity_list = similarity list [-0.6168906200648223, -0.41527588179148545]
Type1 - use current classifier 3, state_similarity: 1

cur_idx = 750 - 799
Classifier: 3, Accuracy: 0.9333333333333332, simiarity = -0.8475764529499992, similarity_list = similarity list [-0.6168906200648223, -0.41527588179148545]
Type2 - loop to last classifier2, similarity: -0.10781471913311824, state_similarity: 2

cur_idx = 765 - 814
Classifier: 2, Accuracy: 0.9999999999999999, simiarity = -0.024282031994106612, similarity_list = similarity list [-0.2514142713768992, -0.19498339471420112, -0.10781471913311824]
Type1 - use current classifier 2, state_similarity: 1

cur_idx = 780 - 829
Classifier: 2, Accuracy: 0.9999999999999999, simiarity = -0.0781467414938164, similarity_list = similarity list [-0.2514142713768992, -0.19498339471420112, -0.10781471913311824]
Type1 - use current classifier 2, state_similarity: 1

cur_idx = 795 - 844
Classifier: 2, Accuracy: 0.9999999999999999, simiarity = -0.3034174151416479, similarity_list = similarity list [-0.2514142713768992, -0.19498339471420112, -0.10781471913311824]
Type2 - loop to last classifier1, similarity: -0.13934463470846714, state_similarity: 2

cur_idx = 810 - 859
Classifier: 1, Accuracy: 0.9999999999999999, simiarity = -0.007781985378291445, similarity_list = similarity list [-0.20463481356937507, -0.033075958041823283, -0.09602704555297192, -0.13934463470846714]
Type1 - use current classifier 1, state_similarity: 1

cur_idx = 825 - 874
Classifier: 1, Accuracy: 0.9999999999999999, simiarity = -0.03939497462942976, similarity_list = similarity list [-0.20463481356937507, -0.033075958041823283, -0.09602704555297192, -0.13934463470846714]
Type1 - use current classifier 1, state_similarity: 1

cur_idx = 840 - 889
Classifier: 1, Accuracy: 0.9999999999999999, simiarity = -0.19991314333949572, similarity_list = similarity list [-0.20463481356937507, -0.033075958041823283, -0.09602704555297192, -0.13934463470846714]
Max iterations reached for IMF. Continuing with another IMF.
Max iterations reached for IMF. Continuing with another IMF.
Max iterations reached for IMF. Continuing with another IMF.
Max iterations reached for IMF. Continuing with another IMF.
Type2 - loop to last classifier2, similarity: -0.0774467100706645, state_similarity: 2

cur_idx = 855 - 904
Classifier: 2, Accuracy: 0.9999999999999999, simiarity = -0.0356461736107746, similarity_list = similarity list [-0.23149432415037285, -0.17899486746789117, -0.12046668235395397, -0.0774467100706645]
Type1 - use current classifier 2, state_similarity: 1

cur_idx = 870 - 919
Classifier: 2, Accuracy: 0.4666666666666666, simiarity = -0.7965048187646941, similarity_list = similarity list [-0.23149432415037285, -0.17899486746789117, -0.12046668235395397, -0.0774467100706645]
Type2 - loop to last classifier3, similarity: -0.42694077194409663, state_similarity: 2

cur_idx = 885 - 934
Classifier: 3, Accuracy: 0.1333333333333333, simiarity = -0.12313354934030818, similarity_list = similarity list [-0.32145325724811125, -0.5624635912971157, -0.42694077194409663]
Type1 - use current classifier 3, state_similarity: 1

cur_idx = 900 - 949
Max iterations reached for IMF. Continuing with another IMF.
Classifier: 3, Accuracy: 0.3333333333333333, simiarity = -0.2167703782346141, similarity_list = similarity list [-0.32145325724811125, -0.5624635912971157, -0.42694077194409663]
Type1 - use current classifier 3, state_similarity: 1

cur_idx = 915 - 964
Classifier: 3, Accuracy: 0.39999999999999997, simiarity = -0.11997218088081307, similarity_list = similarity list [-0.32145325724811125, -0.5624635912971157, -0.42694077194409663]
Type1 - use current classifier 3, state_similarity: 1

cur_idx = 930 - 979
Classifier: 3, Accuracy: 0.5333333333333332, simiarity = -0.08488433880912472, similarity_list = similarity list [-0.32145325724811125, -0.5624635912971157, -0.42694077194409663]
Type1 - use current classifier 3, state_similarity: 1

cur_idx = 945 - 994
Max iterations reached for IMF. Continuing with another IMF.
Classifier: 3, Accuracy: 0.2666666666666666, simiarity = -0.07197895725261527, similarity_list = similarity list [-0.32145325724811125, -0.5624635912971157, -0.42694077194409663]
Type1 - use current classifier 3, state_similarity: 1

cur_idx = 960 - 1009
Max iterations reached for IMF. Continuing with another IMF.
Classifier: 3, Accuracy: 0.3333333333333333, simiarity = -0.16269325710322335, similarity_list = similarity list [-0.32145325724811125, -0.5624635912971157, -0.42694077194409663]
Type1 - use current classifier 3, state_similarity: 1

cur_idx = 975 - 1024
Max iterations reached for IMF. Continuing with another IMF.
Max iterations reached for IMF. Continuing with another IMF.
Classifier: 3, Accuracy: 0.3333333333333333, simiarity = -0.14572073040717493, similarity_list = similarity list [-0.32145325724811125, -0.5624635912971157, -0.42694077194409663]
Type1 - use current classifier 3, state_similarity: 1

cur_idx = 990 - 1039
Classifier: 3, Accuracy: 0.5333333333333332, simiarity = -0.18628126324502003, similarity_list = similarity list [-0.32145325724811125, -0.5624635912971157, -0.42694077194409663]
Type1 - use current classifier 3, state_similarity: 1

cur_idx = 1005 - 1054
Classifier: 3, Accuracy: 0.2666666666666666, simiarity = -0.24916618036531057, similarity_list = similarity list [-0.32145325724811125, -0.5624635912971157, -0.42694077194409663]
Type1 - use current classifier 3, state_similarity: 1

cur_idx = 1020 - 1069
Classifier: 3, Accuracy: 0.6666666666666666, simiarity = -0.1783367907176897, similarity_list = similarity list [-0.32145325724811125, -0.5624635912971157, -0.42694077194409663]
Type1 - use current classifier 3, state_similarity: 1

cur_idx = 1035 - 1084
Max iterations reached for IMF. Continuing with another IMF.
Classifier: 3, Accuracy: 0.3333333333333333, simiarity = -0.1138439722327107, similarity_list = similarity list [-0.32145325724811125, -0.5624635912971157, -0.42694077194409663]
Type1 - use current classifier 3, state_similarity: 1

cur_idx = 1050 - 1099
Max iterations reached for IMF. Continuing with another IMF.
Classifier: 3, Accuracy: 0.6666666666666666, simiarity = -0.2145282696583688, similarity_list = similarity list [-0.32145325724811125, -0.5624635912971157, -0.42694077194409663]
Type1 - use current classifier 3, state_similarity: 1

cur_idx = 1065 - 1114
Classifier: 3, Accuracy: 0.6666666666666666, simiarity = -0.16115168470509889, similarity_list = similarity list [-0.32145325724811125, -0.5624635912971157, -0.42694077194409663]
Type1 - use current classifier 3, state_similarity: 1

cur_idx = 1080 - 1129
Classifier: 3, Accuracy: 0.7999999999999999, simiarity = -0.1367248093817628, similarity_list = similarity list [-0.32145325724811125, -0.5624635912971157, -0.42694077194409663]
Type1 - use current classifier 3, state_similarity: 1

cur_idx = 1095 - 1144
Classifier: 3, Accuracy: 0.7333333333333333, simiarity = -0.32489800620679543, similarity_list = similarity list [-0.32145325724811125, -0.5624635912971157, -0.42694077194409663]
Type1 - use current classifier 3, state_similarity: 1

cur_idx = 1110 - 1159
Max iterations reached for IMF. Continuing with another IMF.
Classifier: 3, Accuracy: 0.7333333333333333, simiarity = -0.1814008249955853, similarity_list = similarity list [-0.32145325724811125, -0.5624635912971157, -0.42694077194409663]
Type1 - use current classifier 3, state_similarity: 1

cur_idx = 1125 - 1174
Max iterations reached for IMF. Continuing with another IMF.
Max iterations reached for IMF. Continuing with another IMF.
Classifier: 3, Accuracy: 0.9333333333333332, simiarity = -0.13345155814418852, similarity_list = similarity list [-0.32145325724811125, -0.5624635912971157, -0.42694077194409663]
Type1 - use current classifier 3, state_similarity: 1

cur_idx = 1140 - 1189
Classifier: 3, Accuracy: 0.9333333333333332, simiarity = -0.2985672332410195, similarity_list = similarity list [-0.32145325724811125, -0.5624635912971157, -0.42694077194409663]
Type1 - use current classifier 3, state_similarity: 1

cur_idx = 1155 - 1204
Max iterations reached for IMF. Continuing with another IMF.
Classifier: 3, Accuracy: 0.8666666666666666, simiarity = -0.4532993702560977, similarity_list = similarity list [-0.32145325724811125, -0.5624635912971157, -0.42694077194409663]
Type1 - use current classifier 3, state_similarity: 1

cur_idx = 1170 - 1219
Classifier: 3, Accuracy: 0.7999999999999999, simiarity = -0.547191145643922, similarity_list = similarity list [-0.32145325724811125, -0.5624635912971157, -0.42694077194409663]
Type1 - use current classifier 3, state_similarity: 1

cur_idx = 1185 - 1234
Classifier: 3, Accuracy: 0.7333333333333333, simiarity = -0.5819346890404778, similarity_list = similarity list [-0.32145325724811125, -0.5624635912971157, -0.42694077194409663]
Type1 - use current classifier 3, state_similarity: 1

cur_idx = 1200 - 1249
Max iterations reached for IMF. Continuing with another IMF.
Classifier: 3, Accuracy: 0.5333333333333332, simiarity = -0.2682161360715867, similarity_list = similarity list [-0.32145325724811125, -0.5624635912971157, -0.42694077194409663]
Type1 - use current classifier 3, state_similarity: 1

cur_idx = 1215 - 1264
Classifier: 3, Accuracy: 0.7999999999999999, simiarity = -0.2916944539003775, similarity_list = similarity list [-0.32145325724811125, -0.5624635912971157, -0.42694077194409663]
Type1 - use current classifier 3, state_similarity: 1

cur_idx = 1230 - 1279
Max iterations reached for IMF. Continuing with another IMF.
Max iterations reached for IMF. Continuing with another IMF.
Classifier: 3, Accuracy: 0.5333333333333332, simiarity = -0.22752159011905548, similarity_list = similarity list [-0.32145325724811125, -0.5624635912971157, -0.42694077194409663]
Type1 - use current classifier 3, state_similarity: 1

cur_idx = 1245 - 1294
Classifier: 3, Accuracy: 0.6, simiarity = -0.11804670906601122, similarity_list = similarity list [-0.32145325724811125, -0.5624635912971157, -0.42694077194409663]
Type1 - use current classifier 3, state_similarity: 1

cur_idx = 1260 - 1309
Classifier: 3, Accuracy: 0.4666666666666666, simiarity = -0.2889653027504028, similarity_list = similarity list [-0.32145325724811125, -0.5624635912971157, -0.42694077194409663]
Type1 - use current classifier 3, state_similarity: 1

cur_idx = 1275 - 1324
Max iterations reached for IMF. Continuing with another IMF.
Classifier: 3, Accuracy: 0.6666666666666666, simiarity = -0.2953014091587989, similarity_list = similarity list [-0.32145325724811125, -0.5624635912971157, -0.42694077194409663]
Type1 - use current classifier 3, state_similarity: 1

cur_idx = 1290 - 1339
Classifier: 3, Accuracy: 0.6, simiarity = -0.1826317899785892, similarity_list = similarity list [-0.32145325724811125, -0.5624635912971157, -0.42694077194409663]
Type1 - use current classifier 3, state_similarity: 1

cur_idx = 1305 - 1354
Max iterations reached for IMF. Continuing with another IMF.
Classifier: 3, Accuracy: 0.39999999999999997, simiarity = -0.45358571191000596, similarity_list = similarity list [-0.32145325724811125, -0.5624635912971157, -0.42694077194409663]
Type1 - use current classifier 3, state_similarity: 1

cur_idx = 1320 - 1369
Classifier: 3, Accuracy: 0.4666666666666666, simiarity = -0.47656895803721155, similarity_list = similarity list [-0.32145325724811125, -0.5624635912971157, -0.42694077194409663]
Type1 - use current classifier 3, state_similarity: 1

cur_idx = 1335 - 1384
Classifier: 3, Accuracy: 0.5333333333333332, simiarity = -0.6105354211839011, similarity_list = similarity list [-0.32145325724811125, -0.5624635912971157, -0.42694077194409663]
Max iterations reached for IMF. Continuing with another IMF.
Max iterations reached for IMF. Continuing with another IMF.
Type2 - loop to last classifier2, similarity: -0.1995824806324088, state_similarity: 2

cur_idx = 1350 - 1399
Max iterations reached for IMF. Continuing with another IMF.
Max iterations reached for IMF. Continuing with another IMF.
Classifier: 2, Accuracy: 0.6, simiarity = -0.5906655626714271, similarity_list = similarity list [-0.46952227854908324, -0.36735956091163835, -0.1546658683129497, -0.1995824806324088]
Max iterations reached for IMF. Continuing with another IMF.
Max iterations reached for IMF. Continuing with another IMF.
Max iterations reached for IMF. Continuing with another IMF.
Type2 - loop to last classifier3, similarity: -0.3953883392206047, state_similarity: 2

cur_idx = 1365 - 1414
Classifier: 3, Accuracy: 0.6666666666666666, simiarity = -0.3528559770490858, similarity_list = similarity list [-0.6900553318408869, -0.6640963489091407, -0.5258084781536858, -0.3953883392206047]
Type1 - use current classifier 3, state_similarity: 1

cur_idx = 1380 - 1429
Max iterations reached for IMF. Continuing with another IMF.
Classifier: 3, Accuracy: 0.6, simiarity = -0.3299597831372092, similarity_list = similarity list [-0.6900553318408869, -0.6640963489091407, -0.5258084781536858, -0.3953883392206047]
Type1 - use current classifier 3, state_similarity: 1

cur_idx = 1395 - 1444
Max iterations reached for IMF. Continuing with another IMF.
Max iterations reached for IMF. Continuing with another IMF.
Classifier: 3, Accuracy: 0.7999999999999999, simiarity = -0.07922573450917325, similarity_list = similarity list [-0.6900553318408869, -0.6640963489091407, -0.5258084781536858, -0.3953883392206047]
Type1 - use current classifier 3, state_similarity: 1

cur_idx = 1410 - 1459
Max iterations reached for IMF. Continuing with another IMF.
Classifier: 3, Accuracy: 0.7999999999999999, simiarity = -0.2006433744050038, similarity_list = similarity list [-0.6900553318408869, -0.6640963489091407, -0.5258084781536858, -0.3953883392206047]
Type1 - use current classifier 3, state_similarity: 1

[2, 0.9999999999999999, 0.9999999999999999, 0.9999999999999999, 0.9999999999999999, 2, 0.9999999999999999, 0.9999999999999999, 0.9999999999999999, 0.9999999999999999, 0.9999999999999999, 2, 0.9999999999999999, 0.9333333333333332, 2, 0.7333333333333333, 0.6666666666666666, 0.7999999999999999, 0.4666666666666666, 2, 0.9999999999999999, 0.9999999999999999, 2, 0.7333333333333333, 0.9333333333333332, 0.0, 0.9999999999999999, 0.9999999999999999, 0.9999999999999999, 0.9999999999999999, 0.9999999999999999, 0.9999999999999999, 0.9999999999999999, 0.9999999999999999, 0.9999999999999999, 0.9999999999999999, 0.9999999999999999, 0.9999999999999999, 2, 0.19999999999999998, 0.3333333333333333, 0.7333333333333333, 0.2666666666666666, 0.39999999999999997, 0.8666666666666666, 0.7999999999999999, 0.6666666666666666, 0.7999999999999999, 0.7999999999999999, 0.8666666666666666, 0.9999999999999999, 0.9999999999999999, 0.9999999999999999, 0.9999999999999999, 0.9999999999999999, 0.9999999999999999, 0.9999999999999999, 0.9999999999999999, 0.5333333333333332, 0.1333333333333333, 0.3333333333333333, 0.39999999999999997, 0.5333333333333332, 0.2666666666666666, 0.3333333333333333, 0.3333333333333333, 0.5333333333333332, 0.2666666666666666, 0.6666666666666666, 0.3333333333333333, 0.6666666666666666, 0.6666666666666666, 0.7999999999999999, 0.7333333333333333, 0.7333333333333333, 0.9333333333333332, 0.9333333333333332, 0.8666666666666666, 0.7999999999999999, 0.7333333333333333, 0.5333333333333332, 0.7999999999999999, 0.5333333333333332, 0.6, 0.4666666666666666, 0.6666666666666666, 0.6, 0.39999999999999997, 0.4666666666666666, 0.0, 0.7333333333333333, 0.6666666666666666, 0.6, 0.7999999999999999, 0.7999999999999999]
Accuracy of n=50, no shuffle and no update,least accurate = 0.0
least accuracy found in 25
number of classifier 7, they are [0, 5, 11, 14, 19, 22, 38]
kappa score = 0.517095907976709
total time taken = 84.67542460000186
