lenth = 50, overlap = 0.8, max_sim_factor = 2, min_sim_factor = 2

number of run = 143
cur_idx = 0 - 49
cur_idx = 10 - 59
Classifier: 1, Accuracy: 1.0000000000000002, simiarity = -0.0034725005933714526, similarity_list = similarity list []
Type1 - use current classifier 1, state_similarity: 3

cur_idx = 20 - 69
Classifier: 1, Accuracy: 1.0000000000000002, simiarity = -0.7206381894697281, similarity_list = similarity list [-7.199537494684272e-05]
Type1 - use current classifier 1, state_similarity: 3

cur_idx = 30 - 79
Max iterations reached for IMF. Continuing with another IMF.
Classifier: 1, Accuracy: 1.0000000000000002, simiarity = -0.5150554428080825, similarity_list = similarity list [-0.03794148081020854, -0.0612674940511333]
Max iterations reached for IMF. Continuing with another IMF.
Max iterations reached for IMF. Continuing with another IMF.
Type3 -new classifier generate

cur_idx = 40 - 89
Classifier: 2, Accuracy: 1.0000000000000002, simiarity = -0.00016502086001790595, similarity_list = similarity list []
Type1 - use current classifier 2, state_similarity: 3

cur_idx = 50 - 99
Max iterations reached for IMF. Continuing with another IMF.
Classifier: 2, Accuracy: 1.0000000000000002, simiarity = -0.003591824346615091, similarity_list = similarity list [-3.626913488430361e-06]
Type1 - use current classifier 2, state_similarity: 3

cur_idx = 60 - 109
Classifier: 2, Accuracy: 1.0000000000000002, simiarity = -0.02004953651588348, similarity_list = similarity list [-0.036835725131691865, -0.03418804686639121]
Type1 - use current classifier 2, state_similarity: 1

cur_idx = 70 - 119
Classifier: 2, Accuracy: 1.0000000000000002, simiarity = -0.12199308237477413, similarity_list = similarity list [-0.009941663680569701, -0.03418804686639121]
Type3 -new classifier generate

cur_idx = 80 - 129
Classifier: 3, Accuracy: 1.0000000000000002, simiarity = -0.11338279186571987, similarity_list = similarity list []
Type1 - use current classifier 3, state_similarity: 3

cur_idx = 90 - 139
Classifier: 3, Accuracy: 1.0000000000000002, simiarity = -0.0002491885124225046, similarity_list = similarity list [-0.000984942321537674]
Type1 - use current classifier 3, state_similarity: 3

cur_idx = 100 - 149
Classifier: 3, Accuracy: 1.0000000000000002, simiarity = -0.013753703877924961, similarity_list = similarity list [-0.0007983123260628666, -0.00012086288914858745]
Type3 -new classifier generate

cur_idx = 110 - 159
Classifier: 4, Accuracy: 1.0000000000000002, simiarity = -0.02300475317580608, similarity_list = similarity list []
Type1 - use current classifier 4, state_similarity: 3

cur_idx = 120 - 169
Classifier: 4, Accuracy: 1.0000000000000002, simiarity = -0.00407668587171206, similarity_list = similarity list [-0.003978603892564103]
Type1 - use current classifier 4, state_similarity: 3

cur_idx = 130 - 179
Classifier: 4, Accuracy: 1.0000000000000002, simiarity = -0.009724989620366387, similarity_list = similarity list [-0.0003443089840090563, -0.004212832883571327]
Type2 - loop to last classifier3, similarity: -0.00019331628839258652, state_similarity: 2

cur_idx = 140 - 189
Classifier: 3, Accuracy: 1.0000000000000002, simiarity = -2.141140775790973e-05, similarity_list = similarity list [-9.09633763476192e-05, -0.00019331628839258652]
Type1 - use current classifier 3, state_similarity: 1

cur_idx = 150 - 199
Classifier: 3, Accuracy: 1.0000000000000002, simiarity = -0.033896024805946334, similarity_list = similarity list [-9.09633763476192e-05, -0.00019331628839258652]
Type3 -new classifier generate

cur_idx = 160 - 209
Max iterations reached for IMF. Continuing with another IMF.
Classifier: 5, Accuracy: 1.0000000000000002, simiarity = -0.035066444279067466, similarity_list = similarity list []
Type1 - use current classifier 5, state_similarity: 3

cur_idx = 170 - 219
Classifier: 5, Accuracy: 1.0000000000000002, simiarity = -0.0024174305223926273, similarity_list = similarity list [-0.0005074315514860261]
Type1 - use current classifier 5, state_similarity: 3

cur_idx = 180 - 229
Max iterations reached for IMF. Continuing with another IMF.
Classifier: 5, Accuracy: 1.0000000000000002, simiarity = -0.07424477097213256, similarity_list = similarity list [-0.09940663749690515, -0.025007537563629834]
Type1 - use current classifier 5, state_similarity: 1

cur_idx = 190 - 239
Classifier: 5, Accuracy: 1.0000000000000002, simiarity = -0.09587992235405429, similarity_list = similarity list [-0.10925540753660712, -0.025007537563629834]
Type1 - use current classifier 5, state_similarity: 1

cur_idx = 200 - 249
Classifier: 5, Accuracy: 0.20000000000000004, simiarity = -0.26608026126638606, similarity_list = similarity list [-0.10925540753660712, -0.025007537563629834]
Type3 -new classifier generate

cur_idx = 210 - 259
Max iterations reached for IMF. Continuing with another IMF.
Classifier: 6, Accuracy: 0.7000000000000002, simiarity = -0.0020956343550448953, similarity_list = similarity list []
Type1 - use current classifier 6, state_similarity: 3

cur_idx = 220 - 269
Classifier: 6, Accuracy: 0.7000000000000002, simiarity = -0.04805583551183823, similarity_list = similarity list [-3.268636807030045e-05]
Type1 - use current classifier 6, state_similarity: 3

cur_idx = 230 - 279
Classifier: 6, Accuracy: 0.9000000000000001, simiarity = -0.04815338981590922, similarity_list = similarity list [-0.07463036236059906, -0.0637987567739795]
Type1 - use current classifier 6, state_similarity: 1

cur_idx = 240 - 289
Classifier: 6, Accuracy: 0.4000000000000001, simiarity = -0.19077669903684058, similarity_list = similarity list [-0.021003020944093453, -0.0637987567739795]
Type3 -new classifier generate

cur_idx = 250 - 299
Max iterations reached for IMF. Continuing with another IMF.
Classifier: 7, Accuracy: 0.5000000000000001, simiarity = -0.09937544305449386, similarity_list = similarity list []
Type1 - use current classifier 7, state_similarity: 3

cur_idx = 260 - 309
Max iterations reached for IMF. Continuing with another IMF.
Classifier: 7, Accuracy: 0.4000000000000001, simiarity = -0.004076642228610372, similarity_list = similarity list [-0.00013874614433706522]
Type1 - use current classifier 7, state_similarity: 3

cur_idx = 270 - 319
Classifier: 7, Accuracy: 0.6000000000000001, simiarity = -0.03463041614313389, similarity_list = similarity list [-0.15132087169043307, -0.1035811497586846]
Type1 - use current classifier 7, state_similarity: 1

cur_idx = 280 - 329
Classifier: 7, Accuracy: 1.0000000000000002, simiarity = -0.10964827447635161, similarity_list = similarity list [-0.014995265457332096, -0.1035811497586846]
Type1 - use current classifier 7, state_similarity: 1

cur_idx = 290 - 339
Classifier: 7, Accuracy: 1.0000000000000002, simiarity = -0.11246109330601972, similarity_list = similarity list [-0.014995265457332096, -0.1035811497586846]
Type1 - use current classifier 7, state_similarity: 1

cur_idx = 300 - 349
Classifier: 7, Accuracy: 1.0000000000000002, simiarity = -0.11241886262316136, similarity_list = similarity list [-0.014995265457332096, -0.1035811497586846]
Type1 - use current classifier 7, state_similarity: 1

cur_idx = 310 - 359
Classifier: 7, Accuracy: 1.0000000000000002, simiarity = -0.3552759435053453, similarity_list = similarity list [-0.014995265457332096, -0.1035811497586846]
Type2 - loop to last classifier4, similarity: -0.0005692245315828126, state_similarity: 2

cur_idx = 320 - 369
Classifier: 4, Accuracy: 1.0000000000000002, simiarity = -0.03909194934919358, similarity_list = similarity list [-0.004337613100382831, -0.0005692245315828126]
Type3 -new classifier generate

cur_idx = 330 - 379
Classifier: 8, Accuracy: 0.8000000000000002, simiarity = -0.019260867186616903, similarity_list = similarity list []
Type1 - use current classifier 8, state_similarity: 3

cur_idx = 340 - 389
Classifier: 8, Accuracy: 0.8000000000000002, simiarity = -0.2434467870162773, similarity_list = similarity list [-0.03887602730326578]
Type1 - use current classifier 8, state_similarity: 3

cur_idx = 350 - 399
Classifier: 8, Accuracy: 0.7000000000000002, simiarity = -0.1947352515503895, similarity_list = similarity list [-0.18119118864992534, -0.06105204794395824]
Type1 - use current classifier 8, state_similarity: 1

cur_idx = 360 - 409
Classifier: 8, Accuracy: 1.0000000000000002, simiarity = -1.0045418473365961, similarity_list = similarity list [-0.03845489845089656, -0.06105204794395824]
Type3 -new classifier generate

cur_idx = 370 - 419
Max iterations reached for IMF. Continuing with another IMF.
Classifier: 9, Accuracy: 1.0000000000000002, simiarity = -0.049531853044288976, similarity_list = similarity list []
Type1 - use current classifier 9, state_similarity: 3

cur_idx = 380 - 429
Classifier: 9, Accuracy: 1.0000000000000002, simiarity = -0.07086205897630016, similarity_list = similarity list [-4.625274691361092e-05]
Type1 - use current classifier 9, state_similarity: 3

cur_idx = 390 - 439
Max iterations reached for IMF. Continuing with another IMF.
Classifier: 9, Accuracy: 0.9000000000000001, simiarity = -1.6303074079737634e-05, similarity_list = similarity list [-0.0003600353697619241, -0.0001690937227264433]
Type1 - use current classifier 9, state_similarity: 1

cur_idx = 400 - 449
Max iterations reached for IMF. Continuing with another IMF.
Max iterations reached for IMF. Continuing with another IMF.
Classifier: 9, Accuracy: 1.0000000000000002, simiarity = -0.9812804410586418, similarity_list = similarity list [-6.562000065324369e-06, -0.0001690937227264433]
Max iterations reached for IMF. Continuing with another IMF.
Max iterations reached for IMF. Continuing with another IMF.
Max iterations reached for IMF. Continuing with another IMF.
Max iterations reached for IMF. Continuing with another IMF.
Max iterations reached for IMF. Continuing with another IMF.
Max iterations reached for IMF. Continuing with another IMF.
Max iterations reached for IMF. Continuing with another IMF.
Max iterations reached for IMF. Continuing with another IMF.
Max iterations reached for IMF. Continuing with another IMF.
Max iterations reached for IMF. Continuing with another IMF.
Max iterations reached for IMF. Continuing with another IMF.
Max iterations reached for IMF. Continuing with another IMF.
Max iterations reached for IMF. Continuing with another IMF.
Max iterations reached for IMF. Continuing with another IMF.
Max iterations reached for IMF. Continuing with another IMF.
Max iterations reached for IMF. Continuing with another IMF.
Max iterations reached for IMF. Continuing with another IMF.
Max iterations reached for IMF. Continuing with another IMF.
Type2 - loop to last classifier5, similarity: -0.11566273562888163, state_similarity: 2

cur_idx = 410 - 459
Classifier: 5, Accuracy: 1.0000000000000002, simiarity = -0.003368711694786364, similarity_list = similarity list [-0.17563434393260602, -0.1874530485693806, -0.11566273562888163]
Type1 - use current classifier 5, state_similarity: 1

cur_idx = 420 - 469
Classifier: 5, Accuracy: 1.0000000000000002, simiarity = -0.006197361385868905, similarity_list = similarity list [-0.17563434393260602, -0.1874530485693806, -0.11566273562888163]
Type1 - use current classifier 5, state_similarity: 1

cur_idx = 430 - 479
Classifier: 5, Accuracy: 1.0000000000000002, simiarity = -0.07843813195007909, similarity_list = similarity list [-0.17563434393260602, -0.1874530485693806, -0.11566273562888163]
Type1 - use current classifier 5, state_similarity: 1

cur_idx = 440 - 489
Classifier: 5, Accuracy: 1.0000000000000002, simiarity = -0.04532991496903338, similarity_list = similarity list [-0.17563434393260602, -0.1874530485693806, -0.11566273562888163]
Type1 - use current classifier 5, state_similarity: 1

cur_idx = 450 - 499
Classifier: 5, Accuracy: 1.0000000000000002, simiarity = -0.02599657323534077, similarity_list = similarity list [-0.17563434393260602, -0.1874530485693806, -0.11566273562888163]
Type1 - use current classifier 5, state_similarity: 1

cur_idx = 460 - 509
Max iterations reached for IMF. Continuing with another IMF.
Classifier: 5, Accuracy: 1.0000000000000002, simiarity = -0.11696051523665796, similarity_list = similarity list [-0.17563434393260602, -0.1874530485693806, -0.11566273562888163]
Type1 - use current classifier 5, state_similarity: 1

cur_idx = 470 - 519
Classifier: 5, Accuracy: 1.0000000000000002, simiarity = -0.05969615838182141, similarity_list = similarity list [-0.17563434393260602, -0.1874530485693806, -0.11566273562888163]
Type1 - use current classifier 5, state_similarity: 1

cur_idx = 480 - 529
Max iterations reached for IMF. Continuing with another IMF.
Classifier: 5, Accuracy: 1.0000000000000002, simiarity = -0.041128198799907256, similarity_list = similarity list [-0.17563434393260602, -0.1874530485693806, -0.11566273562888163]
Type1 - use current classifier 5, state_similarity: 1

cur_idx = 490 - 539
Classifier: 5, Accuracy: 1.0000000000000002, simiarity = -0.09372841213183747, similarity_list = similarity list [-0.17563434393260602, -0.1874530485693806, -0.11566273562888163]
Type1 - use current classifier 5, state_similarity: 1

cur_idx = 500 - 549
Classifier: 5, Accuracy: 1.0000000000000002, simiarity = -0.11842091864993709, similarity_list = similarity list [-0.17563434393260602, -0.1874530485693806, -0.11566273562888163]
Type1 - use current classifier 5, state_similarity: 1

cur_idx = 510 - 559
Classifier: 5, Accuracy: 1.0000000000000002, simiarity = -0.04298158537139041, similarity_list = similarity list [-0.17563434393260602, -0.1874530485693806, -0.11566273562888163]
Type1 - use current classifier 5, state_similarity: 1

cur_idx = 520 - 569
Classifier: 5, Accuracy: 1.0000000000000002, simiarity = -0.09929795013025522, similarity_list = similarity list [-0.17563434393260602, -0.1874530485693806, -0.11566273562888163]
Type1 - use current classifier 5, state_similarity: 1

cur_idx = 530 - 579
Classifier: 5, Accuracy: 1.0000000000000002, simiarity = -0.09589155945619199, similarity_list = similarity list [-0.17563434393260602, -0.1874530485693806, -0.11566273562888163]
Type1 - use current classifier 5, state_similarity: 1

cur_idx = 540 - 589
Max iterations reached for IMF. Continuing with another IMF.
Classifier: 5, Accuracy: 1.0000000000000002, simiarity = -0.0971714736447673, similarity_list = similarity list [-0.17563434393260602, -0.1874530485693806, -0.11566273562888163]
Type1 - use current classifier 5, state_similarity: 1

cur_idx = 550 - 599
Classifier: 5, Accuracy: 1.0000000000000002, simiarity = -0.09192874225979764, similarity_list = similarity list [-0.17563434393260602, -0.1874530485693806, -0.11566273562888163]
Type1 - use current classifier 5, state_similarity: 1

cur_idx = 560 - 609
Classifier: 5, Accuracy: 1.0000000000000002, simiarity = -0.19972315902421656, similarity_list = similarity list [-0.17563434393260602, -0.1874530485693806, -0.11566273562888163]
Type1 - use current classifier 5, state_similarity: 1

cur_idx = 570 - 619
Classifier: 5, Accuracy: 0.0, simiarity = -0.6682349125496265, similarity_list = similarity list [-0.17563434393260602, -0.1874530485693806, -0.11566273562888163]
Type3 -new classifier generate

cur_idx = 580 - 629
Classifier: 10, Accuracy: 0.30000000000000004, simiarity = -0.2690547955993806, similarity_list = similarity list []
Type1 - use current classifier 10, state_similarity: 3

cur_idx = 590 - 639
Max iterations reached for IMF. Continuing with another IMF.
Classifier: 10, Accuracy: 0.6000000000000001, simiarity = -0.09976528312574529, similarity_list = similarity list [-0.0778695500696398]
Type1 - use current classifier 10, state_similarity: 3

cur_idx = 600 - 649
Classifier: 10, Accuracy: 0.30000000000000004, simiarity = -0.18488756838925946, similarity_list = similarity list [-0.1487880151245895, -0.021968733045178768]
Type1 - use current classifier 10, state_similarity: 1

cur_idx = 610 - 659
Classifier: 10, Accuracy: 0.4000000000000001, simiarity = -0.0025158006303609426, similarity_list = similarity list [-0.0006510746940961987, -0.021968733045178768]
Type1 - use current classifier 10, state_similarity: 1

cur_idx = 620 - 669
Classifier: 10, Accuracy: 0.6000000000000001, simiarity = -0.004699397747847334, similarity_list = similarity list [-0.0006510746940961987, -0.021968733045178768]
Type1 - use current classifier 10, state_similarity: 1

cur_idx = 630 - 679
Classifier: 10, Accuracy: 0.7000000000000002, simiarity = -0.010930735550549464, similarity_list = similarity list [-0.0006510746940961987, -0.021968733045178768]
Type1 - use current classifier 10, state_similarity: 1

cur_idx = 640 - 689
Classifier: 10, Accuracy: 0.7000000000000002, simiarity = -0.009019902137916369, similarity_list = similarity list [-0.0006510746940961987, -0.021968733045178768]
Type1 - use current classifier 10, state_similarity: 1

cur_idx = 650 - 699
Classifier: 10, Accuracy: 0.8000000000000002, simiarity = -0.05483105567606761, similarity_list = similarity list [-0.0006510746940961987, -0.021968733045178768]
Type3 -new classifier generate

cur_idx = 660 - 709
Classifier: 11, Accuracy: 1.0000000000000002, simiarity = -0.06468458411113664, similarity_list = similarity list []
Type1 - use current classifier 11, state_similarity: 3

cur_idx = 670 - 719
Classifier: 11, Accuracy: 1.0000000000000002, simiarity = -0.09675616866158243, similarity_list = similarity list [-0.051739112400152054]
Type1 - use current classifier 11, state_similarity: 3

cur_idx = 680 - 729
Classifier: 11, Accuracy: 1.0000000000000002, simiarity = -0.16493743253428816, similarity_list = similarity list [-0.20060537397873823, -0.07860527862553979]
Type1 - use current classifier 11, state_similarity: 1

cur_idx = 690 - 739
Max iterations reached for IMF. Continuing with another IMF.
Classifier: 11, Accuracy: 0.9000000000000001, simiarity = -0.9885173552507535, similarity_list = similarity list [-0.1614425842728595, -0.07860527862553979]
Max iterations reached for IMF. Continuing with another IMF.
Max iterations reached for IMF. Continuing with another IMF.
Max iterations reached for IMF. Continuing with another IMF.
Max iterations reached for IMF. Continuing with another IMF.
Max iterations reached for IMF. Continuing with another IMF.
Max iterations reached for IMF. Continuing with another IMF.
Max iterations reached for IMF. Continuing with another IMF.
Max iterations reached for IMF. Continuing with another IMF.
Max iterations reached for IMF. Continuing with another IMF.
Max iterations reached for IMF. Continuing with another IMF.
Max iterations reached for IMF. Continuing with another IMF.
Max iterations reached for IMF. Continuing with another IMF.
Max iterations reached for IMF. Continuing with another IMF.
Max iterations reached for IMF. Continuing with another IMF.
Max iterations reached for IMF. Continuing with another IMF.
Type3 -new classifier generate

cur_idx = 700 - 749
Max iterations reached for IMF. Continuing with another IMF.
Classifier: 12, Accuracy: 0.9000000000000001, simiarity = -0.8917449306003786, similarity_list = similarity list []
Type1 - use current classifier 12, state_similarity: 3

cur_idx = 710 - 759
Classifier: 12, Accuracy: 0.8000000000000002, simiarity = -0.011579250077733527, similarity_list = similarity list [-0.025870826398843416]
Type1 - use current classifier 12, state_similarity: 3

cur_idx = 720 - 769
Classifier: 12, Accuracy: 0.7000000000000002, simiarity = -0.1863441261302512, similarity_list = similarity list [-0.03418181202245285, -0.0020678889756390317]
Max iterations reached for IMF. Continuing with another IMF.
Max iterations reached for IMF. Continuing with another IMF.
Type2 - loop to last classifier10, similarity: -0.0027140352101622245, state_similarity: 2

cur_idx = 730 - 779
Classifier: 10, Accuracy: 1.0000000000000002, simiarity = -0.3783299577635366, similarity_list = similarity list [-0.002804646031331015, -0.0030202161378594106, -0.0027140352101622245]
Max iterations reached for IMF. Continuing with another IMF.
Max iterations reached for IMF. Continuing with another IMF.
Type2 - loop to last classifier12, similarity: -0.04156680548530878, state_similarity: 2

cur_idx = 740 - 789
Classifier: 12, Accuracy: 0.6000000000000001, simiarity = -0.180949351998266, similarity_list = similarity list [-0.05001867229826018, -0.04156680548530878]
Type2 - loop to last classifier2, similarity: -0.041159869149057116, state_similarity: 2

cur_idx = 750 - 799
Classifier: 2, Accuracy: 1.0000000000000002, simiarity = -0.05303614364052023, similarity_list = similarity list [-0.02522424303901938, -0.13838170078683687, -0.041159869149057116]
Type1 - use current classifier 2, state_similarity: 1

cur_idx = 760 - 809
Classifier: 2, Accuracy: 1.0000000000000002, simiarity = -0.07562998277274535, similarity_list = similarity list [-0.02522424303901938, -0.13838170078683687, -0.041159869149057116]
Type1 - use current classifier 2, state_similarity: 1

cur_idx = 770 - 819
Max iterations reached for IMF. Continuing with another IMF.
Classifier: 2, Accuracy: 1.0000000000000002, simiarity = -0.0969733489165332, similarity_list = similarity list [-0.02522424303901938, -0.13838170078683687, -0.041159869149057116]
Type1 - use current classifier 2, state_similarity: 1

cur_idx = 780 - 829
Max iterations reached for IMF. Continuing with another IMF.
Classifier: 2, Accuracy: 1.0000000000000002, simiarity = -0.1902246779255139, similarity_list = similarity list [-0.02522424303901938, -0.13838170078683687, -0.041159869149057116]
Max iterations reached for IMF. Continuing with another IMF.
Max iterations reached for IMF. Continuing with another IMF.
Max iterations reached for IMF. Continuing with another IMF.
Max iterations reached for IMF. Continuing with another IMF.
Max iterations reached for IMF. Continuing with another IMF.
Max iterations reached for IMF. Continuing with another IMF.
Max iterations reached for IMF. Continuing with another IMF.
Max iterations reached for IMF. Continuing with another IMF.
Max iterations reached for IMF. Continuing with another IMF.
Max iterations reached for IMF. Continuing with another IMF.
Max iterations reached for IMF. Continuing with another IMF.
Max iterations reached for IMF. Continuing with another IMF.
Max iterations reached for IMF. Continuing with another IMF.
Max iterations reached for IMF. Continuing with another IMF.
Type2 - loop to last classifier5, similarity: -0.03554877833421133, state_similarity: 2

cur_idx = 790 - 839
Classifier: 5, Accuracy: 1.0000000000000002, simiarity = -0.07520780597251542, similarity_list = similarity list [-0.08431011985939463, -0.15599017503201307, -0.07293677770554075, -0.03554877833421133]
Type1 - use current classifier 5, state_similarity: 1

cur_idx = 800 - 849
Classifier: 5, Accuracy: 1.0000000000000002, simiarity = -0.028536142083796512, similarity_list = similarity list [-0.08431011985939463, -0.15599017503201307, -0.07293677770554075, -0.03554877833421133]
Type1 - use current classifier 5, state_similarity: 1

cur_idx = 810 - 859
Max iterations reached for IMF. Continuing with another IMF.
Classifier: 5, Accuracy: 1.0000000000000002, simiarity = -0.08153531553477367, similarity_list = similarity list [-0.08431011985939463, -0.15599017503201307, -0.07293677770554075, -0.03554877833421133]
Type1 - use current classifier 5, state_similarity: 1

cur_idx = 820 - 869
Max iterations reached for IMF. Continuing with another IMF.
Classifier: 5, Accuracy: 1.0000000000000002, simiarity = -0.125453268735094, similarity_list = similarity list [-0.08431011985939463, -0.15599017503201307, -0.07293677770554075, -0.03554877833421133]
Type1 - use current classifier 5, state_similarity: 1

cur_idx = 830 - 879
Classifier: 5, Accuracy: 1.0000000000000002, simiarity = -0.15020238802963026, similarity_list = similarity list [-0.08431011985939463, -0.15599017503201307, -0.07293677770554075, -0.03554877833421133]
Max iterations reached for IMF. Continuing with another IMF.
Max iterations reached for IMF. Continuing with another IMF.
Max iterations reached for IMF. Continuing with another IMF.
Max iterations reached for IMF. Continuing with another IMF.
Max iterations reached for IMF. Continuing with another IMF.
Max iterations reached for IMF. Continuing with another IMF.
Max iterations reached for IMF. Continuing with another IMF.
Max iterations reached for IMF. Continuing with another IMF.
Max iterations reached for IMF. Continuing with another IMF.
Type2 - loop to last classifier3, similarity: -3.6980405621611645e-05, state_similarity: 2

cur_idx = 840 - 889
Classifier: 3, Accuracy: 1.0000000000000002, simiarity = -0.05781134440163249, similarity_list = similarity list [-5.564859785678333e-05, -9.513193765853245e-05, -3.6980405621611645e-05]
Type2 - loop to last classifier2, similarity: -0.05417576584320405, state_similarity: 2

cur_idx = 850 - 899
Classifier: 2, Accuracy: 1.0000000000000002, simiarity = -0.046126434122739646, similarity_list = similarity list [-0.04119534604588626, -0.06282254452575986, -0.02719275348869432, -0.05417576584320405]
Type1 - use current classifier 2, state_similarity: 1

cur_idx = 860 - 909
Classifier: 2, Accuracy: 1.0000000000000002, simiarity = -0.005443286816097848, similarity_list = similarity list [-0.04119534604588626, -0.06282254452575986, -0.02719275348869432, -0.05417576584320405]
Type1 - use current classifier 2, state_similarity: 1

cur_idx = 870 - 919
Classifier: 2, Accuracy: 0.6000000000000001, simiarity = -0.9230665343598939, similarity_list = similarity list [-0.04119534604588626, -0.06282254452575986, -0.02719275348869432, -0.05417576584320405]
Type3 -new classifier generate

cur_idx = 880 - 929
Max iterations reached for IMF. Continuing with another IMF.
Classifier: 13, Accuracy: 0.5000000000000001, simiarity = -0.4032964883383596, similarity_list = similarity list []
Type1 - use current classifier 13, state_similarity: 3

cur_idx = 890 - 939
Max iterations reached for IMF. Continuing with another IMF.
Classifier: 13, Accuracy: 0.7000000000000002, simiarity = -0.14839940264087437, similarity_list = similarity list [-0.12790290964449558]
Type1 - use current classifier 13, state_similarity: 3

cur_idx = 900 - 949
Classifier: 13, Accuracy: 0.5000000000000001, simiarity = -0.11281647829800212, similarity_list = similarity list [-0.2636059224734959, -0.030911431580410653]
Type1 - use current classifier 13, state_similarity: 1

cur_idx = 910 - 959
Max iterations reached for IMF. Continuing with another IMF.
Classifier: 13, Accuracy: 0.6000000000000001, simiarity = -0.2757302642422703, similarity_list = similarity list [-0.07099101031011279, -0.030911431580410653]
Max iterations reached for IMF. Continuing with another IMF.
Max iterations reached for IMF. Continuing with another IMF.
Max iterations reached for IMF. Continuing with another IMF.
Max iterations reached for IMF. Continuing with another IMF.
Max iterations reached for IMF. Continuing with another IMF.
Max iterations reached for IMF. Continuing with another IMF.
Max iterations reached for IMF. Continuing with another IMF.
Max iterations reached for IMF. Continuing with another IMF.
Max iterations reached for IMF. Continuing with another IMF.
Max iterations reached for IMF. Continuing with another IMF.
Max iterations reached for IMF. Continuing with another IMF.
Max iterations reached for IMF. Continuing with another IMF.
Max iterations reached for IMF. Continuing with another IMF.
Max iterations reached for IMF. Continuing with another IMF.
Type3 -new classifier generate

cur_idx = 920 - 969
Max iterations reached for IMF. Continuing with another IMF.
Classifier: 14, Accuracy: 0.30000000000000004, simiarity = -0.11871857570523037, similarity_list = similarity list []
Type1 - use current classifier 14, state_similarity: 3

cur_idx = 930 - 979
Classifier: 14, Accuracy: 0.20000000000000004, simiarity = -1.2488586361034224, similarity_list = similarity list [-0.04108282571689348]
Type1 - use current classifier 14, state_similarity: 3

cur_idx = 940 - 989
Classifier: 14, Accuracy: 0.5000000000000001, simiarity = -0.15869694378516008, similarity_list = similarity list [-0.18896771437609128, -0.16243355190499742]
Type1 - use current classifier 14, state_similarity: 1

cur_idx = 950 - 999
Classifier: 14, Accuracy: 1.0000000000000002, simiarity = -0.02003615997462349, similarity_list = similarity list [-0.015343431670901797, -0.16243355190499742]
Type1 - use current classifier 14, state_similarity: 1

cur_idx = 960 - 1009
Classifier: 14, Accuracy: 1.0000000000000002, simiarity = -0.04153815396834826, similarity_list = similarity list [-0.015343431670901797, -0.16243355190499742]
Type1 - use current classifier 14, state_similarity: 1

cur_idx = 970 - 1019
Classifier: 14, Accuracy: 1.0000000000000002, simiarity = -0.1014901021316651, similarity_list = similarity list [-0.015343431670901797, -0.16243355190499742]
Type1 - use current classifier 14, state_similarity: 1

cur_idx = 980 - 1029
Classifier: 14, Accuracy: 1.0000000000000002, simiarity = -0.1015216538175926, similarity_list = similarity list [-0.015343431670901797, -0.16243355190499742]
Type1 - use current classifier 14, state_similarity: 1

cur_idx = 990 - 1039
Classifier: 14, Accuracy: 1.0000000000000002, simiarity = -0.06758105267155057, similarity_list = similarity list [-0.015343431670901797, -0.16243355190499742]
Type1 - use current classifier 14, state_similarity: 1

cur_idx = 1000 - 1049
Classifier: 14, Accuracy: 1.0000000000000002, simiarity = -0.05644187220390684, similarity_list = similarity list [-0.015343431670901797, -0.16243355190499742]
Type1 - use current classifier 14, state_similarity: 1

cur_idx = 1010 - 1059
Max iterations reached for IMF. Continuing with another IMF.
Classifier: 14, Accuracy: 1.0000000000000002, simiarity = -0.046191544365735915, similarity_list = similarity list [-0.015343431670901797, -0.16243355190499742]
Type1 - use current classifier 14, state_similarity: 1

cur_idx = 1020 - 1069
Classifier: 14, Accuracy: 1.0000000000000002, simiarity = -0.05666081448067506, similarity_list = similarity list [-0.015343431670901797, -0.16243355190499742]
Type1 - use current classifier 14, state_similarity: 1

cur_idx = 1030 - 1079
Classifier: 14, Accuracy: 1.0000000000000002, simiarity = -0.027849509626894475, similarity_list = similarity list [-0.015343431670901797, -0.16243355190499742]
Type1 - use current classifier 14, state_similarity: 1

cur_idx = 1040 - 1089
Classifier: 14, Accuracy: 1.0000000000000002, simiarity = -0.05212501485213494, similarity_list = similarity list [-0.015343431670901797, -0.16243355190499742]
Type1 - use current classifier 14, state_similarity: 1

cur_idx = 1050 - 1099
Classifier: 14, Accuracy: 0.30000000000000004, simiarity = -0.4958927869803773, similarity_list = similarity list [-0.015343431670901797, -0.16243355190499742]
Type3 -new classifier generate

cur_idx = 1060 - 1109
Classifier: 15, Accuracy: 0.30000000000000004, simiarity = -0.5222604712439431, similarity_list = similarity list []
Type1 - use current classifier 15, state_similarity: 3

cur_idx = 1070 - 1119
Classifier: 15, Accuracy: 0.7000000000000002, simiarity = -0.001206951689075364, similarity_list = similarity list [-0.001181410368636282]
Type1 - use current classifier 15, state_similarity: 3

cur_idx = 1080 - 1129
Classifier: 15, Accuracy: 0.7000000000000002, simiarity = -0.5833676535323902, similarity_list = similarity list [-0.33217906265768316, -0.08818703278161555]
Max iterations reached for IMF. Continuing with another IMF.
Max iterations reached for IMF. Continuing with another IMF.
Max iterations reached for IMF. Continuing with another IMF.
Max iterations reached for IMF. Continuing with another IMF.
Type2 - loop to last classifier14, similarity: -0.14133296575549792, state_similarity: 2

cur_idx = 1090 - 1139
Classifier: 14, Accuracy: 0.8000000000000002, simiarity = -0.7997663509036029, similarity_list = similarity list [-0.1461900659725045, -0.13600181742818873, -0.14133296575549792]
Max iterations reached for IMF. Continuing with another IMF.
Max iterations reached for IMF. Continuing with another IMF.
Max iterations reached for IMF. Continuing with another IMF.
Max iterations reached for IMF. Continuing with another IMF.
Type3 -new classifier generate

cur_idx = 1100 - 1149
Max iterations reached for IMF. Continuing with another IMF.
Classifier: 16, Accuracy: 0.8000000000000002, simiarity = -0.707702317010179, similarity_list = similarity list []
Type1 - use current classifier 16, state_similarity: 3

cur_idx = 1110 - 1159
Max iterations reached for IMF. Continuing with another IMF.
Classifier: 16, Accuracy: 0.6000000000000001, simiarity = -0.7445682197004255, similarity_list = similarity list [-0.0065262941190640245]
Type1 - use current classifier 16, state_similarity: 3

cur_idx = 1120 - 1169
Classifier: 16, Accuracy: 0.9000000000000001, simiarity = -0.12283528298153357, similarity_list = similarity list [-0.4291107291284344, -0.18486131115949678]
Type1 - use current classifier 16, state_similarity: 1

cur_idx = 1130 - 1179
Max iterations reached for IMF. Continuing with another IMF.
Classifier: 16, Accuracy: 1.0000000000000002, simiarity = -0.10362074998754744, similarity_list = similarity list [-0.1006921965917803, -0.18486131115949678]
Type1 - use current classifier 16, state_similarity: 1

cur_idx = 1140 - 1189
Classifier: 16, Accuracy: 1.0000000000000002, simiarity = -0.19071674800318927, similarity_list = similarity list [-0.1006921965917803, -0.18486131115949678]
Type1 - use current classifier 16, state_similarity: 1

cur_idx = 1150 - 1199
Classifier: 16, Accuracy: 1.0000000000000002, simiarity = -0.21925339034717284, similarity_list = similarity list [-0.1006921965917803, -0.18486131115949678]
Type1 - use current classifier 16, state_similarity: 1

cur_idx = 1160 - 1209
Classifier: 16, Accuracy: 1.0000000000000002, simiarity = -0.21098033074563294, similarity_list = similarity list [-0.1006921965917803, -0.18486131115949678]
Type1 - use current classifier 16, state_similarity: 1

cur_idx = 1170 - 1219
Classifier: 16, Accuracy: 1.0000000000000002, simiarity = -0.2670522325714676, similarity_list = similarity list [-0.1006921965917803, -0.18486131115949678]
Type2 - loop to last classifier15, similarity: -0.4294600778261316, state_similarity: 2

cur_idx = 1180 - 1229
Classifier: 15, Accuracy: 0.9000000000000001, simiarity = -1.0230057148310778, similarity_list = similarity list [-0.30451953442051427, -0.4294600778261316]
Type3 -new classifier generate

cur_idx = 1190 - 1239
Classifier: 17, Accuracy: 1.0000000000000002, simiarity = -0.014372582165289471, similarity_list = similarity list []
Type1 - use current classifier 17, state_similarity: 3

cur_idx = 1200 - 1249
Classifier: 17, Accuracy: 1.0000000000000002, simiarity = -0.02402701079943892, similarity_list = similarity list [-0.0219870303527957]
Type1 - use current classifier 17, state_similarity: 3

cur_idx = 1210 - 1259
Max iterations reached for IMF. Continuing with another IMF.
Classifier: 17, Accuracy: 1.0000000000000002, simiarity = -0.05274987080463478, similarity_list = similarity list [-0.03266161827705383, -0.006082861972010689]
Max iterations reached for IMF. Continuing with another IMF.
Max iterations reached for IMF. Continuing with another IMF.
Max iterations reached for IMF. Continuing with another IMF.
Max iterations reached for IMF. Continuing with another IMF.
Max iterations reached for IMF. Continuing with another IMF.
Max iterations reached for IMF. Continuing with another IMF.
Max iterations reached for IMF. Continuing with another IMF.
Max iterations reached for IMF. Continuing with another IMF.
Max iterations reached for IMF. Continuing with another IMF.
Max iterations reached for IMF. Continuing with another IMF.
Max iterations reached for IMF. Continuing with another IMF.
Max iterations reached for IMF. Continuing with another IMF.
Max iterations reached for IMF. Continuing with another IMF.
Max iterations reached for IMF. Continuing with another IMF.
Max iterations reached for IMF. Continuing with another IMF.
Max iterations reached for IMF. Continuing with another IMF.
Max iterations reached for IMF. Continuing with another IMF.
Max iterations reached for IMF. Continuing with another IMF.
Max iterations reached for IMF. Continuing with another IMF.
Type2 - loop to last classifier5, similarity: -0.02635387920303134, state_similarity: 2

cur_idx = 1220 - 1269
Classifier: 5, Accuracy: 1.0000000000000002, simiarity = -0.9653267548616515, similarity_list = similarity list [-0.16154902888277256, -0.07177783870468002, -0.014773852932628562, -0.02635387920303134]
Max iterations reached for IMF. Continuing with another IMF.
Max iterations reached for IMF. Continuing with another IMF.
Type3 -new classifier generate

cur_idx = 1230 - 1279
Classifier: 18, Accuracy: 0.0, simiarity = -0.9499402327472198, similarity_list = similarity list []
Type1 - use current classifier 18, state_similarity: 3

cur_idx = 1240 - 1289
Classifier: 18, Accuracy: 0.30000000000000004, simiarity = -0.4417615820032361, similarity_list = similarity list [-0.2997279335790628]
Type1 - use current classifier 18, state_similarity: 3

cur_idx = 1250 - 1299
Classifier: 18, Accuracy: 0.4000000000000001, simiarity = -0.1914883416137878, similarity_list = similarity list [-0.09803501637239864, -0.3361506800659124]
Type1 - use current classifier 18, state_similarity: 1

cur_idx = 1260 - 1309
Classifier: 18, Accuracy: 0.6000000000000001, simiarity = -0.22480201776541253, similarity_list = similarity list [-0.046545212189708085, -0.3361506800659124]
Type1 - use current classifier 18, state_similarity: 1

cur_idx = 1270 - 1319
Classifier: 18, Accuracy: 0.6000000000000001, simiarity = -0.390509764640932, similarity_list = similarity list [-0.046545212189708085, -0.3361506800659124]
Type1 - use current classifier 18, state_similarity: 1

cur_idx = 1280 - 1329
Classifier: 18, Accuracy: 0.4000000000000001, simiarity = -0.4236297992445621, similarity_list = similarity list [-0.046545212189708085, -0.3361506800659124]
Type1 - use current classifier 18, state_similarity: 1

cur_idx = 1290 - 1339
Max iterations reached for IMF. Continuing with another IMF.
Classifier: 18, Accuracy: 0.6000000000000001, simiarity = -0.3384142455109417, similarity_list = similarity list [-0.046545212189708085, -0.3361506800659124]
Type1 - use current classifier 18, state_similarity: 1

cur_idx = 1300 - 1349
Max iterations reached for IMF. Continuing with another IMF.
Classifier: 18, Accuracy: 0.8000000000000002, simiarity = -0.43045822268880296, similarity_list = similarity list [-0.046545212189708085, -0.3361506800659124]
Type1 - use current classifier 18, state_similarity: 1

cur_idx = 1310 - 1359
Classifier: 18, Accuracy: 0.9000000000000001, simiarity = -0.44126560617876653, similarity_list = similarity list [-0.046545212189708085, -0.3361506800659124]
Type1 - use current classifier 18, state_similarity: 1

cur_idx = 1320 - 1369
Classifier: 18, Accuracy: 0.6000000000000001, simiarity = -0.42375074305109206, similarity_list = similarity list [-0.046545212189708085, -0.3361506800659124]
Type1 - use current classifier 18, state_similarity: 1

cur_idx = 1330 - 1379
Classifier: 18, Accuracy: 0.7000000000000002, simiarity = -0.37750554304957806, similarity_list = similarity list [-0.046545212189708085, -0.3361506800659124]
Type1 - use current classifier 18, state_similarity: 1

cur_idx = 1340 - 1389
Classifier: 18, Accuracy: 0.8000000000000002, simiarity = -0.455914349902935, similarity_list = similarity list [-0.046545212189708085, -0.3361506800659124]
Type1 - use current classifier 18, state_similarity: 1

cur_idx = 1350 - 1399
Classifier: 18, Accuracy: 0.8000000000000002, simiarity = -0.36082408786959363, similarity_list = similarity list [-0.046545212189708085, -0.3361506800659124]
Type1 - use current classifier 18, state_similarity: 1

cur_idx = 1360 - 1409
Max iterations reached for IMF. Continuing with another IMF.
Classifier: 18, Accuracy: 0.5000000000000001, simiarity = -0.4055827122138055, similarity_list = similarity list [-0.046545212189708085, -0.3361506800659124]
Type1 - use current classifier 18, state_similarity: 1

cur_idx = 1370 - 1419
Max iterations reached for IMF. Continuing with another IMF.
Classifier: 18, Accuracy: 0.7000000000000002, simiarity = -0.4307971162243611, similarity_list = similarity list [-0.046545212189708085, -0.3361506800659124]
Type1 - use current classifier 18, state_similarity: 1

cur_idx = 1380 - 1429
Classifier: 18, Accuracy: 1.0000000000000002, simiarity = -0.5254557703466773, similarity_list = similarity list [-0.046545212189708085, -0.3361506800659124]
Max iterations reached for IMF. Continuing with another IMF.
Type2 - loop to last classifier15, similarity: -0.4595417449015633, state_similarity: 2

cur_idx = 1390 - 1439
Classifier: 15, Accuracy: 0.6000000000000001, simiarity = -0.26156974227335417, similarity_list = similarity list [-0.547874617985439, -0.7266379009660089, -0.4595417449015633]
Type1 - use current classifier 15, state_similarity: 1

cur_idx = 1400 - 1449
Classifier: 15, Accuracy: 0.4000000000000001, simiarity = -0.14974205838153598, similarity_list = similarity list [-0.547874617985439, -0.7266379009660089, -0.4595417449015633]
Type1 - use current classifier 15, state_similarity: 1

cur_idx = 1410 - 1459
Max iterations reached for IMF. Continuing with another IMF.
Max iterations reached for IMF. Continuing with another IMF.
Classifier: 15, Accuracy: 0.8000000000000002, simiarity = -0.18320486221759857, similarity_list = similarity list [-0.547874617985439, -0.7266379009660089, -0.4595417449015633]
Type1 - use current classifier 15, state_similarity: 1

cur_idx = 1420 - 1469
Classifier: 15, Accuracy: 0.9000000000000001, simiarity = -0.27120249245924677, similarity_list = similarity list [-0.547874617985439, -0.7266379009660089, -0.4595417449015633]
Type1 - use current classifier 15, state_similarity: 1

[2, 1.0000000000000002, 1.0000000000000002, 2, 1.0000000000000002, 1.0000000000000002, 1.0000000000000002, 2, 1.0000000000000002, 1.0000000000000002, 2, 1.0000000000000002, 1.0000000000000002, 1.0000000000000002, 1.0000000000000002, 2, 1.0000000000000002, 1.0000000000000002, 1.0000000000000002, 1.0000000000000002, 2, 0.7000000000000002, 0.7000000000000002, 0.9000000000000001, 2, 0.5000000000000001, 0.4000000000000001, 0.6000000000000001, 1.0000000000000002, 1.0000000000000002, 1.0000000000000002, 0.0, 2, 0.8000000000000002, 0.8000000000000002, 0.7000000000000002, 2, 1.0000000000000002, 1.0000000000000002, 0.9000000000000001, 1.0000000000000002, 1.0000000000000002, 1.0000000000000002, 1.0000000000000002, 1.0000000000000002, 1.0000000000000002, 1.0000000000000002, 1.0000000000000002, 1.0000000000000002, 1.0000000000000002, 1.0000000000000002, 1.0000000000000002, 1.0000000000000002, 1.0000000000000002, 1.0000000000000002, 1.0000000000000002, 1.0000000000000002, 2, 0.30000000000000004, 0.6000000000000001, 0.30000000000000004, 0.4000000000000001, 0.6000000000000001, 0.7000000000000002, 0.7000000000000002, 2, 1.0000000000000002, 1.0000000000000002, 1.0000000000000002, 2, 0.9000000000000001, 0.8000000000000002, 0.30000000000000004, 0.9000000000000001, 1.0000000000000002, 1.0000000000000002, 1.0000000000000002, 1.0000000000000002, 1.0000000000000002, 1.0000000000000002, 1.0000000000000002, 1.0000000000000002, 1.0000000000000002, 1.0000000000000002, 1.0000000000000002, 1.0000000000000002, 1.0000000000000002, 2, 0.5000000000000001, 0.7000000000000002, 0.5000000000000001, 2, 0.30000000000000004, 0.20000000000000004, 0.5000000000000001, 1.0000000000000002, 1.0000000000000002, 1.0000000000000002, 1.0000000000000002, 1.0000000000000002, 1.0000000000000002, 1.0000000000000002, 1.0000000000000002, 1.0000000000000002, 1.0000000000000002, 2, 0.30000000000000004, 0.7000000000000002, 0.0, 2, 0.8000000000000002, 0.6000000000000001, 0.9000000000000001, 1.0000000000000002, 1.0000000000000002, 1.0000000000000002, 1.0000000000000002, 0.8000000000000002, 2, 1.0000000000000002, 1.0000000000000002, 1.0000000000000002, 2, 0.0, 0.30000000000000004, 0.4000000000000001, 0.6000000000000001, 0.6000000000000001, 0.4000000000000001, 0.6000000000000001, 0.8000000000000002, 0.9000000000000001, 0.6000000000000001, 0.7000000000000002, 0.8000000000000002, 0.8000000000000002, 0.5000000000000001, 0.7000000000000002, 0.30000000000000004, 0.6000000000000001, 0.4000000000000001, 0.8000000000000002, 0.9000000000000001]
Accuracy of n=50, no shuffle and no update,least accurate = 0.0
least accuracy found in 31
number of classifier 18, they are [0, 3, 7, 10, 15, 20, 24, 32, 36, 57, 65, 69, 87, 91, 105, 109, 118, 122]
kappa score = 0.6670746183504642
