INFO:root:overlap = 0.2
INFO:root:number of X_parameter = 426
INFO:root:number of run = 75
INFO:root:step_counter 0
INFO:root:step_counter 1
INFO:root:Classifier: 1, Accuracy: 1.0, similarity_list = similarity list []
INFO:root:Type1 - use current classifier 1, similarity: -0.22191769388937277, state_similarity: 3
INFO:root:step_counter 2
INFO:root:Classifier: 1, Accuracy: 0.4, similarity_list = similarity list [-0.22191769388937277]
INFO:root:Type1 - use current classifier 1, similarity: -0.15425071307406613, state_similarity: 3
INFO:root:step_counter 3
INFO:root:Classifier: 1, Accuracy: 0.6, similarity_list = similarity list [-0.22191769388937277, -0.15425071307406613]
INFO:root:Type1 - use current classifier 1, similarity: -0.24867447463109726, state_similarity: 1
INFO:root:step_counter 4
INFO:root:Classifier: 1, Accuracy: 0.6, similarity_list = similarity list [-0.22191769388937277, -0.15425071307406613]
INFO:root:Type1 - use current classifier 1, similarity: -0.2504816192906273, state_similarity: 1
INFO:root:step_counter 5
INFO:root:Classifier: 1, Accuracy: 0.6, similarity_list = similarity list [-0.22191769388937277, -0.15425071307406613]
INFO:root:Type1 - use current classifier 1, similarity: -0.13135518648486066, state_similarity: 1
INFO:root:step_counter 6
INFO:root:Classifier: 1, Accuracy: 0.4, similarity_list = similarity list [-0.22191769388937277, -0.15425071307406613]
INFO:root:Type1 - use current classifier 1, similarity: -0.175469210883612, state_similarity: 1
INFO:root:step_counter 7
INFO:root:Classifier: 1, Accuracy: 0.6, similarity_list = similarity list [-0.22191769388937277, -0.15425071307406613]
INFO:root:Type1 - use current classifier 1, similarity: -0.1745835475508033, state_similarity: 1
INFO:root:step_counter 8
INFO:root:Classifier: 1, Accuracy: 0.4, similarity_list = similarity list [-0.22191769388937277, -0.15425071307406613]
INFO:root:Type1 - use current classifier 1, similarity: -0.21793135948066356, state_similarity: 1
INFO:root:step_counter 9
INFO:root:Classifier: 1, Accuracy: 0.8, similarity_list = similarity list [-0.22191769388937277, -0.15425071307406613]
INFO:root:Type1 - use current classifier 1, similarity: -0.1894616889500239, state_similarity: 1
INFO:root:step_counter 10
INFO:root:Classifier: 1, Accuracy: 0.4, similarity_list = similarity list [-0.22191769388937277, -0.15425071307406613]
INFO:root:Type1 - use current classifier 1, similarity: -0.14904783269267186, state_similarity: 1
INFO:root:step_counter 11
INFO:root:Classifier: 1, Accuracy: 0.4, similarity_list = similarity list [-0.22191769388937277, -0.15425071307406613]
INFO:root:Type1 - use current classifier 1, similarity: -0.19246529144465174, state_similarity: 1
INFO:root:step_counter 12
INFO:root:Classifier: 1, Accuracy: 0.6, similarity_list = similarity list [-0.22191769388937277, -0.15425071307406613]
INFO:root:Type1 - use current classifier 1, similarity: -0.17670425606961337, state_similarity: 1
INFO:root:step_counter 13
INFO:root:Classifier: 1, Accuracy: 0.0, similarity_list = similarity list [-0.22191769388937277, -0.15425071307406613]
INFO:root:Type1 - use current classifier 1, similarity: -0.1148857857420007, state_similarity: 1
INFO:root:step_counter 14
INFO:root:Classifier: 1, Accuracy: 0.2, similarity_list = similarity list [-0.22191769388937277, -0.15425071307406613]
INFO:root:Type1 - use current classifier 1, similarity: -0.19688153719444168, state_similarity: 1
INFO:root:step_counter 15
INFO:root:Classifier: 1, Accuracy: 0.6, similarity_list = similarity list [-0.22191769388937277, -0.15425071307406613]
INFO:root:Type1 - use current classifier 1, similarity: -0.20298018992978828, state_similarity: 1
INFO:root:step_counter 16
INFO:root:Classifier: 1, Accuracy: 1.0, similarity_list = similarity list [-0.22191769388937277, -0.15425071307406613]
INFO:root:Type1 - use current classifier 1, similarity: -0.21607133699484926, state_similarity: 1
INFO:root:step_counter 17
INFO:root:Classifier: 1, Accuracy: 0.4, similarity_list = similarity list [-0.22191769388937277, -0.15425071307406613]
INFO:root:Type1 - use current classifier 1, similarity: -0.17519334612166437, state_similarity: 1
INFO:root:step_counter 18
INFO:root:Classifier: 1, Accuracy: 0.8, similarity_list = similarity list [-0.22191769388937277, -0.15425071307406613]
INFO:root:Type1 - use current classifier 1, similarity: -0.20191043040096623, state_similarity: 1
INFO:root:step_counter 19
INFO:root:Classifier: 1, Accuracy: 0.0, similarity_list = similarity list [-0.22191769388937277, -0.15425071307406613]
INFO:root:Type1 - use current classifier 1, similarity: -0.18694869680593817, state_similarity: 1
INFO:root:step_counter 20
INFO:root:Classifier: 1, Accuracy: 0.6, similarity_list = similarity list [-0.22191769388937277, -0.15425071307406613]
INFO:root:Type1 - use current classifier 1, similarity: -0.12717863708760635, state_similarity: 1
INFO:root:step_counter 21
INFO:root:Classifier: 1, Accuracy: 0.4, similarity_list = similarity list [-0.22191769388937277, -0.15425071307406613]
INFO:root:Type1 - use current classifier 1, similarity: -0.19225344222231966, state_similarity: 1
INFO:root:step_counter 22
INFO:root:Classifier: 1, Accuracy: 1.0, similarity_list = similarity list [-0.22191769388937277, -0.15425071307406613]
INFO:root:Classifier: 1, Accuracy: 1.0, similarity_list = similarity list [-0.22191769388937277, -0.15425071307406613]
INFO:root:Type3 -new classifier generate
INFO:root:step_counter 23
INFO:root:Classifier: 2, Accuracy: 0.4, similarity_list = similarity list []
INFO:root:Type1 - use current classifier 2, similarity: -0.22438416270045403, state_similarity: 3
INFO:root:step_counter 24
INFO:root:Classifier: 2, Accuracy: 0.4, similarity_list = similarity list [-0.22438416270045403]
INFO:root:Type1 - use current classifier 2, similarity: -0.21275795436950096, state_similarity: 3
INFO:root:step_counter 25
INFO:root:Classifier: 2, Accuracy: 0.6, similarity_list = similarity list [-0.22438416270045403, -0.21275795436950096]
INFO:root:Classifier: 1, Accuracy: 0.6, similarity_list = similarity list [-0.22191769388937277, -0.15425071307406613]
INFO:root:Type2 - loop to last classifier1, similarity: -0.15953047459605074, state_similarity: 1
INFO:root:step_counter 26
INFO:root:Classifier: 1, Accuracy: 0.2, similarity_list = similarity list [-0.22191769388937277, -0.15425071307406613]
INFO:root:Type1 - use current classifier 1, similarity: -0.17651875798783223, state_similarity: 1
INFO:root:step_counter 27
INFO:root:Classifier: 1, Accuracy: 0.4, similarity_list = similarity list [-0.22191769388937277, -0.15425071307406613]
INFO:root:Type1 - use current classifier 1, similarity: -0.16492378928619655, state_similarity: 1
INFO:root:step_counter 28
INFO:root:Classifier: 1, Accuracy: 0.2, similarity_list = similarity list [-0.22191769388937277, -0.15425071307406613]
INFO:root:Type1 - use current classifier 1, similarity: -0.1512319124135808, state_similarity: 1
INFO:root:step_counter 29
INFO:root:Classifier: 1, Accuracy: 0.4, similarity_list = similarity list [-0.22191769388937277, -0.15425071307406613]
INFO:root:Type1 - use current classifier 1, similarity: -0.17353343818552147, state_similarity: 1
INFO:root:step_counter 30
INFO:root:Classifier: 1, Accuracy: 0.2, similarity_list = similarity list [-0.22191769388937277, -0.15425071307406613]
INFO:root:Type1 - use current classifier 1, similarity: -0.14042159047195335, state_similarity: 1
INFO:root:step_counter 31
INFO:root:Classifier: 1, Accuracy: 0.6, similarity_list = similarity list [-0.22191769388937277, -0.15425071307406613]
INFO:root:Type1 - use current classifier 1, similarity: -0.21239417027202023, state_similarity: 1
INFO:root:step_counter 32
INFO:root:Classifier: 1, Accuracy: 0.8, similarity_list = similarity list [-0.22191769388937277, -0.15425071307406613]
INFO:root:Type1 - use current classifier 1, similarity: -0.18809697639667344, state_similarity: 1
INFO:root:step_counter 33
INFO:root:Classifier: 1, Accuracy: 0.4, similarity_list = similarity list [-0.22191769388937277, -0.15425071307406613]
INFO:root:Type1 - use current classifier 1, similarity: -0.17064456843445774, state_similarity: 1
INFO:root:step_counter 34
INFO:root:Classifier: 1, Accuracy: 1.0, similarity_list = similarity list [-0.22191769388937277, -0.15425071307406613]
INFO:root:Type1 - use current classifier 1, similarity: -0.15671531458074872, state_similarity: 1
INFO:root:step_counter 35
INFO:root:Classifier: 1, Accuracy: 0.4, similarity_list = similarity list [-0.22191769388937277, -0.15425071307406613]
INFO:root:Type1 - use current classifier 1, similarity: -0.17575470179050934, state_similarity: 1
INFO:root:step_counter 36
INFO:root:Classifier: 1, Accuracy: 0.8, similarity_list = similarity list [-0.22191769388937277, -0.15425071307406613]
INFO:root:Type1 - use current classifier 1, similarity: -0.19772614842517455, state_similarity: 1
INFO:root:step_counter 37
INFO:root:Classifier: 1, Accuracy: 1.0, similarity_list = similarity list [-0.22191769388937277, -0.15425071307406613]
INFO:root:Classifier: 1, Accuracy: 1.0, similarity_list = similarity list [-0.22191769388937277, -0.15425071307406613]
INFO:root:Classifier: 2, Accuracy: 1.0, similarity_list = similarity list [-0.22438416270045403, -0.21275795436950096]
INFO:root:Type3 -new classifier generate
INFO:root:step_counter 38
INFO:root:Classifier: 3, Accuracy: 1.0, similarity_list = similarity list []
INFO:root:Type1 - use current classifier 3, similarity: -0.24730488147609342, state_similarity: 3
INFO:root:step_counter 39
INFO:root:Classifier: 3, Accuracy: 0.6, similarity_list = similarity list [-0.24730488147609342]
INFO:root:Type1 - use current classifier 3, similarity: -0.3551998479970625, state_similarity: 3
INFO:root:step_counter 40
INFO:root:Classifier: 3, Accuracy: 0.8, similarity_list = similarity list [-0.24730488147609342, -0.3551998479970625]
INFO:root:Type1 - use current classifier 3, similarity: -0.2893380818076624, state_similarity: 1
INFO:root:step_counter 41
INFO:root:Classifier: 3, Accuracy: 0.4, similarity_list = similarity list [-0.24730488147609342, -0.3551998479970625]
INFO:root:Type1 - use current classifier 3, similarity: -0.33829603618575765, state_similarity: 1
INFO:root:step_counter 42
INFO:root:Classifier: 3, Accuracy: 0.4, similarity_list = similarity list [-0.24730488147609342, -0.3551998479970625]
INFO:root:Type1 - use current classifier 3, similarity: -0.3691715486920276, state_similarity: 1
INFO:root:step_counter 43
INFO:root:Classifier: 3, Accuracy: 0.6, similarity_list = similarity list [-0.24730488147609342, -0.3551998479970625]
INFO:root:Type1 - use current classifier 3, similarity: -0.3627900873542145, state_similarity: 1
INFO:root:step_counter 44
INFO:root:Classifier: 3, Accuracy: 0.6, similarity_list = similarity list [-0.24730488147609342, -0.3551998479970625]
INFO:root:Type1 - use current classifier 3, similarity: -0.26770706579782433, state_similarity: 2
INFO:root:step_counter 45
INFO:root:Classifier: 3, Accuracy: 0.4, similarity_list = similarity list [-0.24730488147609342, -0.3551998479970625, -0.26770706579782433]
INFO:root:Type1 - use current classifier 3, similarity: -0.25167147697479153, state_similarity: 1
INFO:root:step_counter 46
INFO:root:Classifier: 3, Accuracy: 0.4, similarity_list = similarity list [-0.24730488147609342, -0.3551998479970625, -0.26770706579782433]
INFO:root:Type1 - use current classifier 3, similarity: -0.23472769001515825, state_similarity: 1
INFO:root:step_counter 47
INFO:root:Classifier: 3, Accuracy: 0.8, similarity_list = similarity list [-0.24730488147609342, -0.3551998479970625, -0.26770706579782433]
INFO:root:Type1 - use current classifier 3, similarity: -0.32527962282608525, state_similarity: 1
INFO:root:step_counter 48
INFO:root:Classifier: 3, Accuracy: 0.4, similarity_list = similarity list [-0.24730488147609342, -0.3551998479970625, -0.26770706579782433]
INFO:root:Type1 - use current classifier 3, similarity: -0.1881925124193835, state_similarity: 2
INFO:root:step_counter 49
INFO:root:Classifier: 3, Accuracy: 0.8, similarity_list = similarity list [-0.24730488147609342, -0.3551998479970625, -0.26770706579782433, -0.1881925124193835]
INFO:root:Type1 - use current classifier 3, similarity: -0.23681094799883662, state_similarity: 1
INFO:root:step_counter 50
INFO:root:Classifier: 3, Accuracy: 0.6, similarity_list = similarity list [-0.24730488147609342, -0.3551998479970625, -0.26770706579782433, -0.1881925124193835]
INFO:root:Type1 - use current classifier 3, similarity: -0.32253743131672097, state_similarity: 1
INFO:root:step_counter 51
INFO:root:Classifier: 3, Accuracy: 0.4, similarity_list = similarity list [-0.24730488147609342, -0.3551998479970625, -0.26770706579782433, -0.1881925124193835]
INFO:root:Type1 - use current classifier 3, similarity: -0.2841601203614992, state_similarity: 1
INFO:root:step_counter 52
INFO:root:Classifier: 3, Accuracy: 0.6, similarity_list = similarity list [-0.24730488147609342, -0.3551998479970625, -0.26770706579782433, -0.1881925124193835]
INFO:root:Type1 - use current classifier 3, similarity: -0.16508240625065618, state_similarity: 1
INFO:root:step_counter 53
INFO:root:Classifier: 3, Accuracy: 0.4, similarity_list = similarity list [-0.24730488147609342, -0.3551998479970625, -0.26770706579782433, -0.1881925124193835]
INFO:root:Type1 - use current classifier 3, similarity: -0.2841541751062012, state_similarity: 1
INFO:root:step_counter 54
INFO:root:Classifier: 3, Accuracy: 0.6, similarity_list = similarity list [-0.24730488147609342, -0.3551998479970625, -0.26770706579782433, -0.1881925124193835]
INFO:root:Type1 - use current classifier 3, similarity: -0.17391942846203612, state_similarity: 1
INFO:root:step_counter 55
INFO:root:Classifier: 3, Accuracy: 0.8, similarity_list = similarity list [-0.24730488147609342, -0.3551998479970625, -0.26770706579782433, -0.1881925124193835]
INFO:root:Type1 - use current classifier 3, similarity: -0.24881436159884185, state_similarity: 1
INFO:root:step_counter 56
INFO:root:Classifier: 3, Accuracy: 0.6, similarity_list = similarity list [-0.24730488147609342, -0.3551998479970625, -0.26770706579782433, -0.1881925124193835]
INFO:root:Type1 - use current classifier 3, similarity: -0.28358038486551007, state_similarity: 1
INFO:root:step_counter 57
INFO:root:Classifier: 3, Accuracy: 0.4, similarity_list = similarity list [-0.24730488147609342, -0.3551998479970625, -0.26770706579782433, -0.1881925124193835]
INFO:root:Type1 - use current classifier 3, similarity: -0.261632810826087, state_similarity: 1
INFO:root:step_counter 58
INFO:root:Classifier: 3, Accuracy: 0.6, similarity_list = similarity list [-0.24730488147609342, -0.3551998479970625, -0.26770706579782433, -0.1881925124193835]
INFO:root:Type1 - use current classifier 3, similarity: -0.19406198905540895, state_similarity: 1
INFO:root:step_counter 59
INFO:root:Classifier: 3, Accuracy: 0.6, similarity_list = similarity list [-0.24730488147609342, -0.3551998479970625, -0.26770706579782433, -0.1881925124193835]
INFO:root:Type1 - use current classifier 3, similarity: -0.1496654618660206, state_similarity: 1
INFO:root:step_counter 60
INFO:root:Classifier: 3, Accuracy: 0.6, similarity_list = similarity list [-0.24730488147609342, -0.3551998479970625, -0.26770706579782433, -0.1881925124193835]
INFO:root:Type1 - use current classifier 3, similarity: -0.3028620311868734, state_similarity: 1
INFO:root:step_counter 61
INFO:root:Classifier: 3, Accuracy: 0.6, similarity_list = similarity list [-0.24730488147609342, -0.3551998479970625, -0.26770706579782433, -0.1881925124193835]
INFO:root:Type1 - use current classifier 3, similarity: -0.3003347411489564, state_similarity: 1
INFO:root:step_counter 62
INFO:root:Classifier: 3, Accuracy: 0.8, similarity_list = similarity list [-0.24730488147609342, -0.3551998479970625, -0.26770706579782433, -0.1881925124193835]
INFO:root:Type1 - use current classifier 3, similarity: -0.24962331114264935, state_similarity: 1
INFO:root:step_counter 63
INFO:root:Classifier: 3, Accuracy: 0.8, similarity_list = similarity list [-0.24730488147609342, -0.3551998479970625, -0.26770706579782433, -0.1881925124193835]
INFO:root:Type1 - use current classifier 3, similarity: -0.28196189985952846, state_similarity: 1
INFO:root:step_counter 64
INFO:root:Classifier: 3, Accuracy: 0.2, similarity_list = similarity list [-0.24730488147609342, -0.3551998479970625, -0.26770706579782433, -0.1881925124193835]
INFO:root:Type1 - use current classifier 3, similarity: -0.27734902193637356, state_similarity: 1
INFO:root:step_counter 65
INFO:root:Classifier: 3, Accuracy: 0.6, similarity_list = similarity list [-0.24730488147609342, -0.3551998479970625, -0.26770706579782433, -0.1881925124193835]
INFO:root:Type1 - use current classifier 3, similarity: -0.23537483901477463, state_similarity: 1
INFO:root:step_counter 66
INFO:root:Classifier: 3, Accuracy: 0.8, similarity_list = similarity list [-0.24730488147609342, -0.3551998479970625, -0.26770706579782433, -0.1881925124193835]
INFO:root:Type1 - use current classifier 3, similarity: -0.20909444708499814, state_similarity: 1
INFO:root:step_counter 67
INFO:root:Classifier: 3, Accuracy: 0.8, similarity_list = similarity list [-0.24730488147609342, -0.3551998479970625, -0.26770706579782433, -0.1881925124193835]
INFO:root:Type1 - use current classifier 3, similarity: -0.2656339785132368, state_similarity: 1
INFO:root:step_counter 68
INFO:root:Classifier: 3, Accuracy: 0.4, similarity_list = similarity list [-0.24730488147609342, -0.3551998479970625, -0.26770706579782433, -0.1881925124193835]
INFO:root:Type1 - use current classifier 3, similarity: -0.20391823717698743, state_similarity: 1
INFO:root:step_counter 69
INFO:root:Classifier: 3, Accuracy: 0.6, similarity_list = similarity list [-0.24730488147609342, -0.3551998479970625, -0.26770706579782433, -0.1881925124193835]
INFO:root:Type1 - use current classifier 3, similarity: -0.2921735853674994, state_similarity: 1
INFO:root:step_counter 70
INFO:root:Classifier: 3, Accuracy: 0.8, similarity_list = similarity list [-0.24730488147609342, -0.3551998479970625, -0.26770706579782433, -0.1881925124193835]
INFO:root:Type1 - use current classifier 3, similarity: -0.2701007577023208, state_similarity: 1
INFO:root:step_counter 71
INFO:root:Classifier: 3, Accuracy: 0.4, similarity_list = similarity list [-0.24730488147609342, -0.3551998479970625, -0.26770706579782433, -0.1881925124193835]
INFO:root:Type1 - use current classifier 3, similarity: -0.30197205321925447, state_similarity: 1
INFO:root:step_counter 72
INFO:root:Classifier: 3, Accuracy: 0.4, similarity_list = similarity list [-0.24730488147609342, -0.3551998479970625, -0.26770706579782433, -0.1881925124193835]
INFO:root:Type1 - use current classifier 3, similarity: -0.2671886850784104, state_similarity: 1
INFO:root:step_counter 73
INFO:root:Classifier: 3, Accuracy: 0.6, similarity_list = similarity list [-0.24730488147609342, -0.3551998479970625, -0.26770706579782433, -0.1881925124193835]
INFO:root:Type1 - use current classifier 3, similarity: -0.22491096653655906, state_similarity: 1
INFO:root:step_counter 74
INFO:root:Classifier: 3, Accuracy: 0.25, similarity_list = similarity list [-0.24730488147609342, -0.3551998479970625, -0.26770706579782433, -0.1881925124193835]
INFO:root:Type1 - use current classifier 3, similarity: -0.33125949577663727, state_similarity: 1
INFO:root:[1.0, 0.4, 0.6, 0.6, 0.6, 0.4, 0.6, 0.4, 0.8, 0.4, 0.4, 0.6, 0.0, 0.2, 0.6, 1.0, 0.4, 0.8, 0.0, 0.6, 0.4, 0.4, 0.4, 0.6, 0.2, 0.4, 0.2, 0.4, 0.2, 0.6, 0.8, 0.4, 1.0, 0.4, 0.8, 1.0, 0.6, 0.8, 0.4, 0.4, 0.6, 0.6, 0.4, 0.4, 0.8, 0.4, 0.8, 0.6, 0.4, 0.6, 0.4, 0.6, 0.8, 0.6, 0.4, 0.6, 0.6, 0.6, 0.6, 0.8, 0.8, 0.2, 0.6, 0.8, 0.8, 0.4, 0.6, 0.8, 0.4, 0.4, 0.6, 0.25]
INFO:root:Accuracy of n=5, no shuffle and no update,least accurate = 0.0
INFO:root:least accuracy found in 12
INFO:root:number of classifier 3, they are [0, 22, 37]
